<?xml version="1.0" encoding="UTF-8"?>
<testsuites>
  <testsuite name="Feature" tests="45" assertions="0" errors="45" failures="0" skipped="0" time="25.382158">
    <testsuite name="Tests\Feature\BooksListTest" file="/var/www/html/Laravel-engineer-Interview/tests/Feature/BookListTest.php" tests="7" assertions="0" errors="7" failures="0" skipped="0" time="5.756137">
      <testcase name="testResponseStructure" class="Tests\Feature\BooksListTest" classname="Tests.Feature.BooksListTest" file="/var/www/html/Laravel-engineer-Interview/tests/Feature/BookListTest.php" line="14" assertions="0" time="2.031611">
        <error type="Illuminate\Database\QueryException">Tests\Feature\BooksListTest::testResponseStructure
Illuminate\Database\QueryException: SQLSTATE[HY000]: General error: 1215 Cannot add foreign key constraint (SQL: alter table `book_author` add constraint `book_author_book_id_foreign` foreign key (`book_id`) references `books` (`id`) on delete cascade)

/var/www/html/Laravel-engineer-Interview/vendor/laravel/framework/src/Illuminate/Database/Connection.php:664
/var/www/html/Laravel-engineer-Interview/vendor/laravel/framework/src/Illuminate/Database/Connection.php:624
/var/www/html/Laravel-engineer-Interview/vendor/laravel/framework/src/Illuminate/Database/Connection.php:459
/var/www/html/Laravel-engineer-Interview/vendor/laravel/framework/src/Illuminate/Database/Schema/Blueprint.php:97
/var/www/html/Laravel-engineer-Interview/vendor/laravel/framework/src/Illuminate/Database/Schema/Builder.php:278
/var/www/html/Laravel-engineer-Interview/vendor/laravel/framework/src/Illuminate/Database/Schema/Builder.php:167
/var/www/html/Laravel-engineer-Interview/vendor/laravel/framework/src/Illuminate/Support/Facades/Facade.php:239
/var/www/html/Laravel-engineer-Interview/database/migrations/2019_05_07_000000_create_books_table.php:35
/var/www/html/Laravel-engineer-Interview/vendor/laravel/framework/src/Illuminate/Database/Migrations/Migrator.php:387
/var/www/html/Laravel-engineer-Interview/vendor/laravel/framework/src/Illuminate/Database/Migrations/Migrator.php:396
/var/www/html/Laravel-engineer-Interview/vendor/laravel/framework/src/Illuminate/Database/Migrations/Migrator.php:197
/var/www/html/Laravel-engineer-Interview/vendor/laravel/framework/src/Illuminate/Database/Migrations/Migrator.php:162
/var/www/html/Laravel-engineer-Interview/vendor/laravel/framework/src/Illuminate/Database/Migrations/Migrator.php:109
/var/www/html/Laravel-engineer-Interview/vendor/laravel/framework/src/Illuminate/Database/Console/Migrations/MigrateCommand.php:71
/var/www/html/Laravel-engineer-Interview/vendor/laravel/framework/src/Illuminate/Container/BoundMethod.php:32
/var/www/html/Laravel-engineer-Interview/vendor/laravel/framework/src/Illuminate/Container/BoundMethod.php:90
/var/www/html/Laravel-engineer-Interview/vendor/laravel/framework/src/Illuminate/Container/BoundMethod.php:34
/var/www/html/Laravel-engineer-Interview/vendor/laravel/framework/src/Illuminate/Container/Container.php:576
/var/www/html/Laravel-engineer-Interview/vendor/laravel/framework/src/Illuminate/Console/Command.php:183
/var/www/html/Laravel-engineer-Interview/vendor/symfony/console/Command/Command.php:255
/var/www/html/Laravel-engineer-Interview/vendor/laravel/framework/src/Illuminate/Console/Command.php:170
/var/www/html/Laravel-engineer-Interview/vendor/laravel/framework/src/Illuminate/Console/Command.php:198
/var/www/html/Laravel-engineer-Interview/vendor/laravel/framework/src/Illuminate/Database/Console/Migrations/FreshCommand.php:61
/var/www/html/Laravel-engineer-Interview/vendor/laravel/framework/src/Illuminate/Container/BoundMethod.php:32
/var/www/html/Laravel-engineer-Interview/vendor/laravel/framework/src/Illuminate/Container/BoundMethod.php:90
/var/www/html/Laravel-engineer-Interview/vendor/laravel/framework/src/Illuminate/Container/BoundMethod.php:34
/var/www/html/Laravel-engineer-Interview/vendor/laravel/framework/src/Illuminate/Container/Container.php:576
/var/www/html/Laravel-engineer-Interview/vendor/laravel/framework/src/Illuminate/Console/Command.php:183
/var/www/html/Laravel-engineer-Interview/vendor/symfony/console/Command/Command.php:255
/var/www/html/Laravel-engineer-Interview/vendor/laravel/framework/src/Illuminate/Console/Command.php:170
/var/www/html/Laravel-engineer-Interview/vendor/symfony/console/Application.php:934
/var/www/html/Laravel-engineer-Interview/vendor/symfony/console/Application.php:273
/var/www/html/Laravel-engineer-Interview/vendor/symfony/console/Application.php:149
/var/www/html/Laravel-engineer-Interview/vendor/laravel/framework/src/Illuminate/Console/Application.php:90
/var/www/html/Laravel-engineer-Interview/vendor/laravel/framework/src/Illuminate/Console/Application.php:182
/var/www/html/Laravel-engineer-Interview/vendor/laravel/framework/src/Illuminate/Foundation/Console/Kernel.php:275
/var/www/html/Laravel-engineer-Interview/vendor/laravel/framework/src/Illuminate/Foundation/Testing/PendingCommand.php:136
/var/www/html/Laravel-engineer-Interview/vendor/laravel/framework/src/Illuminate/Foundation/Testing/PendingCommand.php:220
/var/www/html/Laravel-engineer-Interview/vendor/laravel/framework/src/Illuminate/Foundation/Testing/Concerns/InteractsWithConsole.php:56
/var/www/html/Laravel-engineer-Interview/vendor/laravel/framework/src/Illuminate/Foundation/Testing/RefreshDatabase.php:55
/var/www/html/Laravel-engineer-Interview/vendor/laravel/framework/src/Illuminate/Foundation/Testing/RefreshDatabase.php:18
/var/www/html/Laravel-engineer-Interview/vendor/laravel/framework/src/Illuminate/Foundation/Testing/TestCase.php:114
/var/www/html/Laravel-engineer-Interview/vendor/laravel/framework/src/Illuminate/Foundation/Testing/TestCase.php:81
</error>
      </testcase>
      <testcase name="testListWithoutFilters" class="Tests\Feature\BooksListTest" classname="Tests.Feature.BooksListTest" file="/var/www/html/Laravel-engineer-Interview/tests/Feature/BookListTest.php" line="68" assertions="0" time="0.686153">
        <error type="Illuminate\Database\QueryException">Tests\Feature\BooksListTest::testListWithoutFilters
Illuminate\Database\QueryException: SQLSTATE[HY000]: General error: 1215 Cannot add foreign key constraint (SQL: alter table `book_author` add constraint `book_author_book_id_foreign` foreign key (`book_id`) references `books` (`id`) on delete cascade)

/var/www/html/Laravel-engineer-Interview/vendor/laravel/framework/src/Illuminate/Database/Connection.php:664
/var/www/html/Laravel-engineer-Interview/vendor/laravel/framework/src/Illuminate/Database/Connection.php:624
/var/www/html/Laravel-engineer-Interview/vendor/laravel/framework/src/Illuminate/Database/Connection.php:459
/var/www/html/Laravel-engineer-Interview/vendor/laravel/framework/src/Illuminate/Database/Schema/Blueprint.php:97
/var/www/html/Laravel-engineer-Interview/vendor/laravel/framework/src/Illuminate/Database/Schema/Builder.php:278
/var/www/html/Laravel-engineer-Interview/vendor/laravel/framework/src/Illuminate/Database/Schema/Builder.php:167
/var/www/html/Laravel-engineer-Interview/vendor/laravel/framework/src/Illuminate/Support/Facades/Facade.php:239
/var/www/html/Laravel-engineer-Interview/database/migrations/2019_05_07_000000_create_books_table.php:35
/var/www/html/Laravel-engineer-Interview/vendor/laravel/framework/src/Illuminate/Database/Migrations/Migrator.php:387
/var/www/html/Laravel-engineer-Interview/vendor/laravel/framework/src/Illuminate/Database/Migrations/Migrator.php:396
/var/www/html/Laravel-engineer-Interview/vendor/laravel/framework/src/Illuminate/Database/Migrations/Migrator.php:197
/var/www/html/Laravel-engineer-Interview/vendor/laravel/framework/src/Illuminate/Database/Migrations/Migrator.php:162
/var/www/html/Laravel-engineer-Interview/vendor/laravel/framework/src/Illuminate/Database/Migrations/Migrator.php:109
/var/www/html/Laravel-engineer-Interview/vendor/laravel/framework/src/Illuminate/Database/Console/Migrations/MigrateCommand.php:71
/var/www/html/Laravel-engineer-Interview/vendor/laravel/framework/src/Illuminate/Container/BoundMethod.php:32
/var/www/html/Laravel-engineer-Interview/vendor/laravel/framework/src/Illuminate/Container/BoundMethod.php:90
/var/www/html/Laravel-engineer-Interview/vendor/laravel/framework/src/Illuminate/Container/BoundMethod.php:34
/var/www/html/Laravel-engineer-Interview/vendor/laravel/framework/src/Illuminate/Container/Container.php:576
/var/www/html/Laravel-engineer-Interview/vendor/laravel/framework/src/Illuminate/Console/Command.php:183
/var/www/html/Laravel-engineer-Interview/vendor/symfony/console/Command/Command.php:255
/var/www/html/Laravel-engineer-Interview/vendor/laravel/framework/src/Illuminate/Console/Command.php:170
/var/www/html/Laravel-engineer-Interview/vendor/laravel/framework/src/Illuminate/Console/Command.php:198
/var/www/html/Laravel-engineer-Interview/vendor/laravel/framework/src/Illuminate/Database/Console/Migrations/FreshCommand.php:61
/var/www/html/Laravel-engineer-Interview/vendor/laravel/framework/src/Illuminate/Container/BoundMethod.php:32
/var/www/html/Laravel-engineer-Interview/vendor/laravel/framework/src/Illuminate/Container/BoundMethod.php:90
/var/www/html/Laravel-engineer-Interview/vendor/laravel/framework/src/Illuminate/Container/BoundMethod.php:34
/var/www/html/Laravel-engineer-Interview/vendor/laravel/framework/src/Illuminate/Container/Container.php:576
/var/www/html/Laravel-engineer-Interview/vendor/laravel/framework/src/Illuminate/Console/Command.php:183
/var/www/html/Laravel-engineer-Interview/vendor/symfony/console/Command/Command.php:255
/var/www/html/Laravel-engineer-Interview/vendor/laravel/framework/src/Illuminate/Console/Command.php:170
/var/www/html/Laravel-engineer-Interview/vendor/symfony/console/Application.php:934
/var/www/html/Laravel-engineer-Interview/vendor/symfony/console/Application.php:273
/var/www/html/Laravel-engineer-Interview/vendor/symfony/console/Application.php:149
/var/www/html/Laravel-engineer-Interview/vendor/laravel/framework/src/Illuminate/Console/Application.php:90
/var/www/html/Laravel-engineer-Interview/vendor/laravel/framework/src/Illuminate/Console/Application.php:182
/var/www/html/Laravel-engineer-Interview/vendor/laravel/framework/src/Illuminate/Foundation/Console/Kernel.php:275
/var/www/html/Laravel-engineer-Interview/vendor/laravel/framework/src/Illuminate/Foundation/Testing/PendingCommand.php:136
/var/www/html/Laravel-engineer-Interview/vendor/laravel/framework/src/Illuminate/Foundation/Testing/PendingCommand.php:220
/var/www/html/Laravel-engineer-Interview/vendor/laravel/framework/src/Illuminate/Foundation/Testing/Concerns/InteractsWithConsole.php:56
/var/www/html/Laravel-engineer-Interview/vendor/laravel/framework/src/Illuminate/Foundation/Testing/RefreshDatabase.php:55
/var/www/html/Laravel-engineer-Interview/vendor/laravel/framework/src/Illuminate/Foundation/Testing/RefreshDatabase.php:18
/var/www/html/Laravel-engineer-Interview/vendor/laravel/framework/src/Illuminate/Foundation/Testing/TestCase.php:114
/var/www/html/Laravel-engineer-Interview/vendor/laravel/framework/src/Illuminate/Foundation/Testing/TestCase.php:81
</error>
      </testcase>
      <testcase name="testTitleFilter" class="Tests\Feature\BooksListTest" classname="Tests.Feature.BooksListTest" file="/var/www/html/Laravel-engineer-Interview/tests/Feature/BookListTest.php" line="88" assertions="0" time="0.644630">
        <error type="Illuminate\Database\QueryException">Tests\Feature\BooksListTest::testTitleFilter
Illuminate\Database\QueryException: SQLSTATE[HY000]: General error: 1215 Cannot add foreign key constraint (SQL: alter table `book_author` add constraint `book_author_book_id_foreign` foreign key (`book_id`) references `books` (`id`) on delete cascade)

/var/www/html/Laravel-engineer-Interview/vendor/laravel/framework/src/Illuminate/Database/Connection.php:664
/var/www/html/Laravel-engineer-Interview/vendor/laravel/framework/src/Illuminate/Database/Connection.php:624
/var/www/html/Laravel-engineer-Interview/vendor/laravel/framework/src/Illuminate/Database/Connection.php:459
/var/www/html/Laravel-engineer-Interview/vendor/laravel/framework/src/Illuminate/Database/Schema/Blueprint.php:97
/var/www/html/Laravel-engineer-Interview/vendor/laravel/framework/src/Illuminate/Database/Schema/Builder.php:278
/var/www/html/Laravel-engineer-Interview/vendor/laravel/framework/src/Illuminate/Database/Schema/Builder.php:167
/var/www/html/Laravel-engineer-Interview/vendor/laravel/framework/src/Illuminate/Support/Facades/Facade.php:239
/var/www/html/Laravel-engineer-Interview/database/migrations/2019_05_07_000000_create_books_table.php:35
/var/www/html/Laravel-engineer-Interview/vendor/laravel/framework/src/Illuminate/Database/Migrations/Migrator.php:387
/var/www/html/Laravel-engineer-Interview/vendor/laravel/framework/src/Illuminate/Database/Migrations/Migrator.php:396
/var/www/html/Laravel-engineer-Interview/vendor/laravel/framework/src/Illuminate/Database/Migrations/Migrator.php:197
/var/www/html/Laravel-engineer-Interview/vendor/laravel/framework/src/Illuminate/Database/Migrations/Migrator.php:162
/var/www/html/Laravel-engineer-Interview/vendor/laravel/framework/src/Illuminate/Database/Migrations/Migrator.php:109
/var/www/html/Laravel-engineer-Interview/vendor/laravel/framework/src/Illuminate/Database/Console/Migrations/MigrateCommand.php:71
/var/www/html/Laravel-engineer-Interview/vendor/laravel/framework/src/Illuminate/Container/BoundMethod.php:32
/var/www/html/Laravel-engineer-Interview/vendor/laravel/framework/src/Illuminate/Container/BoundMethod.php:90
/var/www/html/Laravel-engineer-Interview/vendor/laravel/framework/src/Illuminate/Container/BoundMethod.php:34
/var/www/html/Laravel-engineer-Interview/vendor/laravel/framework/src/Illuminate/Container/Container.php:576
/var/www/html/Laravel-engineer-Interview/vendor/laravel/framework/src/Illuminate/Console/Command.php:183
/var/www/html/Laravel-engineer-Interview/vendor/symfony/console/Command/Command.php:255
/var/www/html/Laravel-engineer-Interview/vendor/laravel/framework/src/Illuminate/Console/Command.php:170
/var/www/html/Laravel-engineer-Interview/vendor/laravel/framework/src/Illuminate/Console/Command.php:198
/var/www/html/Laravel-engineer-Interview/vendor/laravel/framework/src/Illuminate/Database/Console/Migrations/FreshCommand.php:61
/var/www/html/Laravel-engineer-Interview/vendor/laravel/framework/src/Illuminate/Container/BoundMethod.php:32
/var/www/html/Laravel-engineer-Interview/vendor/laravel/framework/src/Illuminate/Container/BoundMethod.php:90
/var/www/html/Laravel-engineer-Interview/vendor/laravel/framework/src/Illuminate/Container/BoundMethod.php:34
/var/www/html/Laravel-engineer-Interview/vendor/laravel/framework/src/Illuminate/Container/Container.php:576
/var/www/html/Laravel-engineer-Interview/vendor/laravel/framework/src/Illuminate/Console/Command.php:183
/var/www/html/Laravel-engineer-Interview/vendor/symfony/console/Command/Command.php:255
/var/www/html/Laravel-engineer-Interview/vendor/laravel/framework/src/Illuminate/Console/Command.php:170
/var/www/html/Laravel-engineer-Interview/vendor/symfony/console/Application.php:934
/var/www/html/Laravel-engineer-Interview/vendor/symfony/console/Application.php:273
/var/www/html/Laravel-engineer-Interview/vendor/symfony/console/Application.php:149
/var/www/html/Laravel-engineer-Interview/vendor/laravel/framework/src/Illuminate/Console/Application.php:90
/var/www/html/Laravel-engineer-Interview/vendor/laravel/framework/src/Illuminate/Console/Application.php:182
/var/www/html/Laravel-engineer-Interview/vendor/laravel/framework/src/Illuminate/Foundation/Console/Kernel.php:275
/var/www/html/Laravel-engineer-Interview/vendor/laravel/framework/src/Illuminate/Foundation/Testing/PendingCommand.php:136
/var/www/html/Laravel-engineer-Interview/vendor/laravel/framework/src/Illuminate/Foundation/Testing/PendingCommand.php:220
/var/www/html/Laravel-engineer-Interview/vendor/laravel/framework/src/Illuminate/Foundation/Testing/Concerns/InteractsWithConsole.php:56
/var/www/html/Laravel-engineer-Interview/vendor/laravel/framework/src/Illuminate/Foundation/Testing/RefreshDatabase.php:55
/var/www/html/Laravel-engineer-Interview/vendor/laravel/framework/src/Illuminate/Foundation/Testing/RefreshDatabase.php:18
/var/www/html/Laravel-engineer-Interview/vendor/laravel/framework/src/Illuminate/Foundation/Testing/TestCase.php:114
/var/www/html/Laravel-engineer-Interview/vendor/laravel/framework/src/Illuminate/Foundation/Testing/TestCase.php:81
</error>
      </testcase>
      <testcase name="testAuthorsFilter" class="Tests\Feature\BooksListTest" classname="Tests.Feature.BooksListTest" file="/var/www/html/Laravel-engineer-Interview/tests/Feature/BookListTest.php" line="105" assertions="0" time="0.623827">
        <error type="Illuminate\Database\QueryException">Tests\Feature\BooksListTest::testAuthorsFilter
Illuminate\Database\QueryException: SQLSTATE[HY000]: General error: 1215 Cannot add foreign key constraint (SQL: alter table `book_author` add constraint `book_author_book_id_foreign` foreign key (`book_id`) references `books` (`id`) on delete cascade)

/var/www/html/Laravel-engineer-Interview/vendor/laravel/framework/src/Illuminate/Database/Connection.php:664
/var/www/html/Laravel-engineer-Interview/vendor/laravel/framework/src/Illuminate/Database/Connection.php:624
/var/www/html/Laravel-engineer-Interview/vendor/laravel/framework/src/Illuminate/Database/Connection.php:459
/var/www/html/Laravel-engineer-Interview/vendor/laravel/framework/src/Illuminate/Database/Schema/Blueprint.php:97
/var/www/html/Laravel-engineer-Interview/vendor/laravel/framework/src/Illuminate/Database/Schema/Builder.php:278
/var/www/html/Laravel-engineer-Interview/vendor/laravel/framework/src/Illuminate/Database/Schema/Builder.php:167
/var/www/html/Laravel-engineer-Interview/vendor/laravel/framework/src/Illuminate/Support/Facades/Facade.php:239
/var/www/html/Laravel-engineer-Interview/database/migrations/2019_05_07_000000_create_books_table.php:35
/var/www/html/Laravel-engineer-Interview/vendor/laravel/framework/src/Illuminate/Database/Migrations/Migrator.php:387
/var/www/html/Laravel-engineer-Interview/vendor/laravel/framework/src/Illuminate/Database/Migrations/Migrator.php:396
/var/www/html/Laravel-engineer-Interview/vendor/laravel/framework/src/Illuminate/Database/Migrations/Migrator.php:197
/var/www/html/Laravel-engineer-Interview/vendor/laravel/framework/src/Illuminate/Database/Migrations/Migrator.php:162
/var/www/html/Laravel-engineer-Interview/vendor/laravel/framework/src/Illuminate/Database/Migrations/Migrator.php:109
/var/www/html/Laravel-engineer-Interview/vendor/laravel/framework/src/Illuminate/Database/Console/Migrations/MigrateCommand.php:71
/var/www/html/Laravel-engineer-Interview/vendor/laravel/framework/src/Illuminate/Container/BoundMethod.php:32
/var/www/html/Laravel-engineer-Interview/vendor/laravel/framework/src/Illuminate/Container/BoundMethod.php:90
/var/www/html/Laravel-engineer-Interview/vendor/laravel/framework/src/Illuminate/Container/BoundMethod.php:34
/var/www/html/Laravel-engineer-Interview/vendor/laravel/framework/src/Illuminate/Container/Container.php:576
/var/www/html/Laravel-engineer-Interview/vendor/laravel/framework/src/Illuminate/Console/Command.php:183
/var/www/html/Laravel-engineer-Interview/vendor/symfony/console/Command/Command.php:255
/var/www/html/Laravel-engineer-Interview/vendor/laravel/framework/src/Illuminate/Console/Command.php:170
/var/www/html/Laravel-engineer-Interview/vendor/laravel/framework/src/Illuminate/Console/Command.php:198
/var/www/html/Laravel-engineer-Interview/vendor/laravel/framework/src/Illuminate/Database/Console/Migrations/FreshCommand.php:61
/var/www/html/Laravel-engineer-Interview/vendor/laravel/framework/src/Illuminate/Container/BoundMethod.php:32
/var/www/html/Laravel-engineer-Interview/vendor/laravel/framework/src/Illuminate/Container/BoundMethod.php:90
/var/www/html/Laravel-engineer-Interview/vendor/laravel/framework/src/Illuminate/Container/BoundMethod.php:34
/var/www/html/Laravel-engineer-Interview/vendor/laravel/framework/src/Illuminate/Container/Container.php:576
/var/www/html/Laravel-engineer-Interview/vendor/laravel/framework/src/Illuminate/Console/Command.php:183
/var/www/html/Laravel-engineer-Interview/vendor/symfony/console/Command/Command.php:255
/var/www/html/Laravel-engineer-Interview/vendor/laravel/framework/src/Illuminate/Console/Command.php:170
/var/www/html/Laravel-engineer-Interview/vendor/symfony/console/Application.php:934
/var/www/html/Laravel-engineer-Interview/vendor/symfony/console/Application.php:273
/var/www/html/Laravel-engineer-Interview/vendor/symfony/console/Application.php:149
/var/www/html/Laravel-engineer-Interview/vendor/laravel/framework/src/Illuminate/Console/Application.php:90
/var/www/html/Laravel-engineer-Interview/vendor/laravel/framework/src/Illuminate/Console/Application.php:182
/var/www/html/Laravel-engineer-Interview/vendor/laravel/framework/src/Illuminate/Foundation/Console/Kernel.php:275
/var/www/html/Laravel-engineer-Interview/vendor/laravel/framework/src/Illuminate/Foundation/Testing/PendingCommand.php:136
/var/www/html/Laravel-engineer-Interview/vendor/laravel/framework/src/Illuminate/Foundation/Testing/PendingCommand.php:220
/var/www/html/Laravel-engineer-Interview/vendor/laravel/framework/src/Illuminate/Foundation/Testing/Concerns/InteractsWithConsole.php:56
/var/www/html/Laravel-engineer-Interview/vendor/laravel/framework/src/Illuminate/Foundation/Testing/RefreshDatabase.php:55
/var/www/html/Laravel-engineer-Interview/vendor/laravel/framework/src/Illuminate/Foundation/Testing/RefreshDatabase.php:18
/var/www/html/Laravel-engineer-Interview/vendor/laravel/framework/src/Illuminate/Foundation/Testing/TestCase.php:114
/var/www/html/Laravel-engineer-Interview/vendor/laravel/framework/src/Illuminate/Foundation/Testing/TestCase.php:81
</error>
      </testcase>
      <testcase name="testTitleSort" class="Tests\Feature\BooksListTest" classname="Tests.Feature.BooksListTest" file="/var/www/html/Laravel-engineer-Interview/tests/Feature/BookListTest.php" line="136" assertions="0" time="0.543110">
        <error type="Illuminate\Database\QueryException">Tests\Feature\BooksListTest::testTitleSort
Illuminate\Database\QueryException: SQLSTATE[HY000]: General error: 1215 Cannot add foreign key constraint (SQL: alter table `book_author` add constraint `book_author_book_id_foreign` foreign key (`book_id`) references `books` (`id`) on delete cascade)

/var/www/html/Laravel-engineer-Interview/vendor/laravel/framework/src/Illuminate/Database/Connection.php:664
/var/www/html/Laravel-engineer-Interview/vendor/laravel/framework/src/Illuminate/Database/Connection.php:624
/var/www/html/Laravel-engineer-Interview/vendor/laravel/framework/src/Illuminate/Database/Connection.php:459
/var/www/html/Laravel-engineer-Interview/vendor/laravel/framework/src/Illuminate/Database/Schema/Blueprint.php:97
/var/www/html/Laravel-engineer-Interview/vendor/laravel/framework/src/Illuminate/Database/Schema/Builder.php:278
/var/www/html/Laravel-engineer-Interview/vendor/laravel/framework/src/Illuminate/Database/Schema/Builder.php:167
/var/www/html/Laravel-engineer-Interview/vendor/laravel/framework/src/Illuminate/Support/Facades/Facade.php:239
/var/www/html/Laravel-engineer-Interview/database/migrations/2019_05_07_000000_create_books_table.php:35
/var/www/html/Laravel-engineer-Interview/vendor/laravel/framework/src/Illuminate/Database/Migrations/Migrator.php:387
/var/www/html/Laravel-engineer-Interview/vendor/laravel/framework/src/Illuminate/Database/Migrations/Migrator.php:396
/var/www/html/Laravel-engineer-Interview/vendor/laravel/framework/src/Illuminate/Database/Migrations/Migrator.php:197
/var/www/html/Laravel-engineer-Interview/vendor/laravel/framework/src/Illuminate/Database/Migrations/Migrator.php:162
/var/www/html/Laravel-engineer-Interview/vendor/laravel/framework/src/Illuminate/Database/Migrations/Migrator.php:109
/var/www/html/Laravel-engineer-Interview/vendor/laravel/framework/src/Illuminate/Database/Console/Migrations/MigrateCommand.php:71
/var/www/html/Laravel-engineer-Interview/vendor/laravel/framework/src/Illuminate/Container/BoundMethod.php:32
/var/www/html/Laravel-engineer-Interview/vendor/laravel/framework/src/Illuminate/Container/BoundMethod.php:90
/var/www/html/Laravel-engineer-Interview/vendor/laravel/framework/src/Illuminate/Container/BoundMethod.php:34
/var/www/html/Laravel-engineer-Interview/vendor/laravel/framework/src/Illuminate/Container/Container.php:576
/var/www/html/Laravel-engineer-Interview/vendor/laravel/framework/src/Illuminate/Console/Command.php:183
/var/www/html/Laravel-engineer-Interview/vendor/symfony/console/Command/Command.php:255
/var/www/html/Laravel-engineer-Interview/vendor/laravel/framework/src/Illuminate/Console/Command.php:170
/var/www/html/Laravel-engineer-Interview/vendor/laravel/framework/src/Illuminate/Console/Command.php:198
/var/www/html/Laravel-engineer-Interview/vendor/laravel/framework/src/Illuminate/Database/Console/Migrations/FreshCommand.php:61
/var/www/html/Laravel-engineer-Interview/vendor/laravel/framework/src/Illuminate/Container/BoundMethod.php:32
/var/www/html/Laravel-engineer-Interview/vendor/laravel/framework/src/Illuminate/Container/BoundMethod.php:90
/var/www/html/Laravel-engineer-Interview/vendor/laravel/framework/src/Illuminate/Container/BoundMethod.php:34
/var/www/html/Laravel-engineer-Interview/vendor/laravel/framework/src/Illuminate/Container/Container.php:576
/var/www/html/Laravel-engineer-Interview/vendor/laravel/framework/src/Illuminate/Console/Command.php:183
/var/www/html/Laravel-engineer-Interview/vendor/symfony/console/Command/Command.php:255
/var/www/html/Laravel-engineer-Interview/vendor/laravel/framework/src/Illuminate/Console/Command.php:170
/var/www/html/Laravel-engineer-Interview/vendor/symfony/console/Application.php:934
/var/www/html/Laravel-engineer-Interview/vendor/symfony/console/Application.php:273
/var/www/html/Laravel-engineer-Interview/vendor/symfony/console/Application.php:149
/var/www/html/Laravel-engineer-Interview/vendor/laravel/framework/src/Illuminate/Console/Application.php:90
/var/www/html/Laravel-engineer-Interview/vendor/laravel/framework/src/Illuminate/Console/Application.php:182
/var/www/html/Laravel-engineer-Interview/vendor/laravel/framework/src/Illuminate/Foundation/Console/Kernel.php:275
/var/www/html/Laravel-engineer-Interview/vendor/laravel/framework/src/Illuminate/Foundation/Testing/PendingCommand.php:136
/var/www/html/Laravel-engineer-Interview/vendor/laravel/framework/src/Illuminate/Foundation/Testing/PendingCommand.php:220
/var/www/html/Laravel-engineer-Interview/vendor/laravel/framework/src/Illuminate/Foundation/Testing/Concerns/InteractsWithConsole.php:56
/var/www/html/Laravel-engineer-Interview/vendor/laravel/framework/src/Illuminate/Foundation/Testing/RefreshDatabase.php:55
/var/www/html/Laravel-engineer-Interview/vendor/laravel/framework/src/Illuminate/Foundation/Testing/RefreshDatabase.php:18
/var/www/html/Laravel-engineer-Interview/vendor/laravel/framework/src/Illuminate/Foundation/Testing/TestCase.php:114
/var/www/html/Laravel-engineer-Interview/vendor/laravel/framework/src/Illuminate/Foundation/Testing/TestCase.php:81
</error>
      </testcase>
      <testcase name="testAvgReviewSort" class="Tests\Feature\BooksListTest" classname="Tests.Feature.BooksListTest" file="/var/www/html/Laravel-engineer-Interview/tests/Feature/BookListTest.php" line="153" assertions="0" time="0.696927">
        <error type="Illuminate\Database\QueryException">Tests\Feature\BooksListTest::testAvgReviewSort
Illuminate\Database\QueryException: SQLSTATE[HY000]: General error: 1215 Cannot add foreign key constraint (SQL: alter table `book_author` add constraint `book_author_book_id_foreign` foreign key (`book_id`) references `books` (`id`) on delete cascade)

/var/www/html/Laravel-engineer-Interview/vendor/laravel/framework/src/Illuminate/Database/Connection.php:664
/var/www/html/Laravel-engineer-Interview/vendor/laravel/framework/src/Illuminate/Database/Connection.php:624
/var/www/html/Laravel-engineer-Interview/vendor/laravel/framework/src/Illuminate/Database/Connection.php:459
/var/www/html/Laravel-engineer-Interview/vendor/laravel/framework/src/Illuminate/Database/Schema/Blueprint.php:97
/var/www/html/Laravel-engineer-Interview/vendor/laravel/framework/src/Illuminate/Database/Schema/Builder.php:278
/var/www/html/Laravel-engineer-Interview/vendor/laravel/framework/src/Illuminate/Database/Schema/Builder.php:167
/var/www/html/Laravel-engineer-Interview/vendor/laravel/framework/src/Illuminate/Support/Facades/Facade.php:239
/var/www/html/Laravel-engineer-Interview/database/migrations/2019_05_07_000000_create_books_table.php:35
/var/www/html/Laravel-engineer-Interview/vendor/laravel/framework/src/Illuminate/Database/Migrations/Migrator.php:387
/var/www/html/Laravel-engineer-Interview/vendor/laravel/framework/src/Illuminate/Database/Migrations/Migrator.php:396
/var/www/html/Laravel-engineer-Interview/vendor/laravel/framework/src/Illuminate/Database/Migrations/Migrator.php:197
/var/www/html/Laravel-engineer-Interview/vendor/laravel/framework/src/Illuminate/Database/Migrations/Migrator.php:162
/var/www/html/Laravel-engineer-Interview/vendor/laravel/framework/src/Illuminate/Database/Migrations/Migrator.php:109
/var/www/html/Laravel-engineer-Interview/vendor/laravel/framework/src/Illuminate/Database/Console/Migrations/MigrateCommand.php:71
/var/www/html/Laravel-engineer-Interview/vendor/laravel/framework/src/Illuminate/Container/BoundMethod.php:32
/var/www/html/Laravel-engineer-Interview/vendor/laravel/framework/src/Illuminate/Container/BoundMethod.php:90
/var/www/html/Laravel-engineer-Interview/vendor/laravel/framework/src/Illuminate/Container/BoundMethod.php:34
/var/www/html/Laravel-engineer-Interview/vendor/laravel/framework/src/Illuminate/Container/Container.php:576
/var/www/html/Laravel-engineer-Interview/vendor/laravel/framework/src/Illuminate/Console/Command.php:183
/var/www/html/Laravel-engineer-Interview/vendor/symfony/console/Command/Command.php:255
/var/www/html/Laravel-engineer-Interview/vendor/laravel/framework/src/Illuminate/Console/Command.php:170
/var/www/html/Laravel-engineer-Interview/vendor/laravel/framework/src/Illuminate/Console/Command.php:198
/var/www/html/Laravel-engineer-Interview/vendor/laravel/framework/src/Illuminate/Database/Console/Migrations/FreshCommand.php:61
/var/www/html/Laravel-engineer-Interview/vendor/laravel/framework/src/Illuminate/Container/BoundMethod.php:32
/var/www/html/Laravel-engineer-Interview/vendor/laravel/framework/src/Illuminate/Container/BoundMethod.php:90
/var/www/html/Laravel-engineer-Interview/vendor/laravel/framework/src/Illuminate/Container/BoundMethod.php:34
/var/www/html/Laravel-engineer-Interview/vendor/laravel/framework/src/Illuminate/Container/Container.php:576
/var/www/html/Laravel-engineer-Interview/vendor/laravel/framework/src/Illuminate/Console/Command.php:183
/var/www/html/Laravel-engineer-Interview/vendor/symfony/console/Command/Command.php:255
/var/www/html/Laravel-engineer-Interview/vendor/laravel/framework/src/Illuminate/Console/Command.php:170
/var/www/html/Laravel-engineer-Interview/vendor/symfony/console/Application.php:934
/var/www/html/Laravel-engineer-Interview/vendor/symfony/console/Application.php:273
/var/www/html/Laravel-engineer-Interview/vendor/symfony/console/Application.php:149
/var/www/html/Laravel-engineer-Interview/vendor/laravel/framework/src/Illuminate/Console/Application.php:90
/var/www/html/Laravel-engineer-Interview/vendor/laravel/framework/src/Illuminate/Console/Application.php:182
/var/www/html/Laravel-engineer-Interview/vendor/laravel/framework/src/Illuminate/Foundation/Console/Kernel.php:275
/var/www/html/Laravel-engineer-Interview/vendor/laravel/framework/src/Illuminate/Foundation/Testing/PendingCommand.php:136
/var/www/html/Laravel-engineer-Interview/vendor/laravel/framework/src/Illuminate/Foundation/Testing/PendingCommand.php:220
/var/www/html/Laravel-engineer-Interview/vendor/laravel/framework/src/Illuminate/Foundation/Testing/Concerns/InteractsWithConsole.php:56
/var/www/html/Laravel-engineer-Interview/vendor/laravel/framework/src/Illuminate/Foundation/Testing/RefreshDatabase.php:55
/var/www/html/Laravel-engineer-Interview/vendor/laravel/framework/src/Illuminate/Foundation/Testing/RefreshDatabase.php:18
/var/www/html/Laravel-engineer-Interview/vendor/laravel/framework/src/Illuminate/Foundation/Testing/TestCase.php:114
/var/www/html/Laravel-engineer-Interview/vendor/laravel/framework/src/Illuminate/Foundation/Testing/TestCase.php:81
</error>
      </testcase>
      <testcase name="testPagination" class="Tests\Feature\BooksListTest" classname="Tests.Feature.BooksListTest" file="/var/www/html/Laravel-engineer-Interview/tests/Feature/BookListTest.php" line="184" assertions="0" time="0.529879">
        <error type="Illuminate\Database\QueryException">Tests\Feature\BooksListTest::testPagination
Illuminate\Database\QueryException: SQLSTATE[HY000]: General error: 1215 Cannot add foreign key constraint (SQL: alter table `book_author` add constraint `book_author_book_id_foreign` foreign key (`book_id`) references `books` (`id`) on delete cascade)

/var/www/html/Laravel-engineer-Interview/vendor/laravel/framework/src/Illuminate/Database/Connection.php:664
/var/www/html/Laravel-engineer-Interview/vendor/laravel/framework/src/Illuminate/Database/Connection.php:624
/var/www/html/Laravel-engineer-Interview/vendor/laravel/framework/src/Illuminate/Database/Connection.php:459
/var/www/html/Laravel-engineer-Interview/vendor/laravel/framework/src/Illuminate/Database/Schema/Blueprint.php:97
/var/www/html/Laravel-engineer-Interview/vendor/laravel/framework/src/Illuminate/Database/Schema/Builder.php:278
/var/www/html/Laravel-engineer-Interview/vendor/laravel/framework/src/Illuminate/Database/Schema/Builder.php:167
/var/www/html/Laravel-engineer-Interview/vendor/laravel/framework/src/Illuminate/Support/Facades/Facade.php:239
/var/www/html/Laravel-engineer-Interview/database/migrations/2019_05_07_000000_create_books_table.php:35
/var/www/html/Laravel-engineer-Interview/vendor/laravel/framework/src/Illuminate/Database/Migrations/Migrator.php:387
/var/www/html/Laravel-engineer-Interview/vendor/laravel/framework/src/Illuminate/Database/Migrations/Migrator.php:396
/var/www/html/Laravel-engineer-Interview/vendor/laravel/framework/src/Illuminate/Database/Migrations/Migrator.php:197
/var/www/html/Laravel-engineer-Interview/vendor/laravel/framework/src/Illuminate/Database/Migrations/Migrator.php:162
/var/www/html/Laravel-engineer-Interview/vendor/laravel/framework/src/Illuminate/Database/Migrations/Migrator.php:109
/var/www/html/Laravel-engineer-Interview/vendor/laravel/framework/src/Illuminate/Database/Console/Migrations/MigrateCommand.php:71
/var/www/html/Laravel-engineer-Interview/vendor/laravel/framework/src/Illuminate/Container/BoundMethod.php:32
/var/www/html/Laravel-engineer-Interview/vendor/laravel/framework/src/Illuminate/Container/BoundMethod.php:90
/var/www/html/Laravel-engineer-Interview/vendor/laravel/framework/src/Illuminate/Container/BoundMethod.php:34
/var/www/html/Laravel-engineer-Interview/vendor/laravel/framework/src/Illuminate/Container/Container.php:576
/var/www/html/Laravel-engineer-Interview/vendor/laravel/framework/src/Illuminate/Console/Command.php:183
/var/www/html/Laravel-engineer-Interview/vendor/symfony/console/Command/Command.php:255
/var/www/html/Laravel-engineer-Interview/vendor/laravel/framework/src/Illuminate/Console/Command.php:170
/var/www/html/Laravel-engineer-Interview/vendor/laravel/framework/src/Illuminate/Console/Command.php:198
/var/www/html/Laravel-engineer-Interview/vendor/laravel/framework/src/Illuminate/Database/Console/Migrations/FreshCommand.php:61
/var/www/html/Laravel-engineer-Interview/vendor/laravel/framework/src/Illuminate/Container/BoundMethod.php:32
/var/www/html/Laravel-engineer-Interview/vendor/laravel/framework/src/Illuminate/Container/BoundMethod.php:90
/var/www/html/Laravel-engineer-Interview/vendor/laravel/framework/src/Illuminate/Container/BoundMethod.php:34
/var/www/html/Laravel-engineer-Interview/vendor/laravel/framework/src/Illuminate/Container/Container.php:576
/var/www/html/Laravel-engineer-Interview/vendor/laravel/framework/src/Illuminate/Console/Command.php:183
/var/www/html/Laravel-engineer-Interview/vendor/symfony/console/Command/Command.php:255
/var/www/html/Laravel-engineer-Interview/vendor/laravel/framework/src/Illuminate/Console/Command.php:170
/var/www/html/Laravel-engineer-Interview/vendor/symfony/console/Application.php:934
/var/www/html/Laravel-engineer-Interview/vendor/symfony/console/Application.php:273
/var/www/html/Laravel-engineer-Interview/vendor/symfony/console/Application.php:149
/var/www/html/Laravel-engineer-Interview/vendor/laravel/framework/src/Illuminate/Console/Application.php:90
/var/www/html/Laravel-engineer-Interview/vendor/laravel/framework/src/Illuminate/Console/Application.php:182
/var/www/html/Laravel-engineer-Interview/vendor/laravel/framework/src/Illuminate/Foundation/Console/Kernel.php:275
/var/www/html/Laravel-engineer-Interview/vendor/laravel/framework/src/Illuminate/Foundation/Testing/PendingCommand.php:136
/var/www/html/Laravel-engineer-Interview/vendor/laravel/framework/src/Illuminate/Foundation/Testing/PendingCommand.php:220
/var/www/html/Laravel-engineer-Interview/vendor/laravel/framework/src/Illuminate/Foundation/Testing/Concerns/InteractsWithConsole.php:56
/var/www/html/Laravel-engineer-Interview/vendor/laravel/framework/src/Illuminate/Foundation/Testing/RefreshDatabase.php:55
/var/www/html/Laravel-engineer-Interview/vendor/laravel/framework/src/Illuminate/Foundation/Testing/RefreshDatabase.php:18
/var/www/html/Laravel-engineer-Interview/vendor/laravel/framework/src/Illuminate/Foundation/Testing/TestCase.php:114
/var/www/html/Laravel-engineer-Interview/vendor/laravel/framework/src/Illuminate/Foundation/Testing/TestCase.php:81
</error>
      </testcase>
    </testsuite>
    <testsuite name="Tests\Feature\BookPostTest" file="/var/www/html/Laravel-engineer-Interview/tests/Feature/BookPostTest.php" tests="25" assertions="0" errors="25" failures="0" skipped="0" time="13.738062">
      <testcase name="testDenyGuestAccess" class="Tests\Feature\BookPostTest" classname="Tests.Feature.BookPostTest" file="/var/www/html/Laravel-engineer-Interview/tests/Feature/BookPostTest.php" line="13" assertions="0" time="0.528982">
        <error type="Illuminate\Database\QueryException">Tests\Feature\BookPostTest::testDenyGuestAccess
Illuminate\Database\QueryException: SQLSTATE[HY000]: General error: 1215 Cannot add foreign key constraint (SQL: alter table `book_author` add constraint `book_author_book_id_foreign` foreign key (`book_id`) references `books` (`id`) on delete cascade)

/var/www/html/Laravel-engineer-Interview/vendor/laravel/framework/src/Illuminate/Database/Connection.php:664
/var/www/html/Laravel-engineer-Interview/vendor/laravel/framework/src/Illuminate/Database/Connection.php:624
/var/www/html/Laravel-engineer-Interview/vendor/laravel/framework/src/Illuminate/Database/Connection.php:459
/var/www/html/Laravel-engineer-Interview/vendor/laravel/framework/src/Illuminate/Database/Schema/Blueprint.php:97
/var/www/html/Laravel-engineer-Interview/vendor/laravel/framework/src/Illuminate/Database/Schema/Builder.php:278
/var/www/html/Laravel-engineer-Interview/vendor/laravel/framework/src/Illuminate/Database/Schema/Builder.php:167
/var/www/html/Laravel-engineer-Interview/vendor/laravel/framework/src/Illuminate/Support/Facades/Facade.php:239
/var/www/html/Laravel-engineer-Interview/database/migrations/2019_05_07_000000_create_books_table.php:35
/var/www/html/Laravel-engineer-Interview/vendor/laravel/framework/src/Illuminate/Database/Migrations/Migrator.php:387
/var/www/html/Laravel-engineer-Interview/vendor/laravel/framework/src/Illuminate/Database/Migrations/Migrator.php:396
/var/www/html/Laravel-engineer-Interview/vendor/laravel/framework/src/Illuminate/Database/Migrations/Migrator.php:197
/var/www/html/Laravel-engineer-Interview/vendor/laravel/framework/src/Illuminate/Database/Migrations/Migrator.php:162
/var/www/html/Laravel-engineer-Interview/vendor/laravel/framework/src/Illuminate/Database/Migrations/Migrator.php:109
/var/www/html/Laravel-engineer-Interview/vendor/laravel/framework/src/Illuminate/Database/Console/Migrations/MigrateCommand.php:71
/var/www/html/Laravel-engineer-Interview/vendor/laravel/framework/src/Illuminate/Container/BoundMethod.php:32
/var/www/html/Laravel-engineer-Interview/vendor/laravel/framework/src/Illuminate/Container/BoundMethod.php:90
/var/www/html/Laravel-engineer-Interview/vendor/laravel/framework/src/Illuminate/Container/BoundMethod.php:34
/var/www/html/Laravel-engineer-Interview/vendor/laravel/framework/src/Illuminate/Container/Container.php:576
/var/www/html/Laravel-engineer-Interview/vendor/laravel/framework/src/Illuminate/Console/Command.php:183
/var/www/html/Laravel-engineer-Interview/vendor/symfony/console/Command/Command.php:255
/var/www/html/Laravel-engineer-Interview/vendor/laravel/framework/src/Illuminate/Console/Command.php:170
/var/www/html/Laravel-engineer-Interview/vendor/laravel/framework/src/Illuminate/Console/Command.php:198
/var/www/html/Laravel-engineer-Interview/vendor/laravel/framework/src/Illuminate/Database/Console/Migrations/FreshCommand.php:61
/var/www/html/Laravel-engineer-Interview/vendor/laravel/framework/src/Illuminate/Container/BoundMethod.php:32
/var/www/html/Laravel-engineer-Interview/vendor/laravel/framework/src/Illuminate/Container/BoundMethod.php:90
/var/www/html/Laravel-engineer-Interview/vendor/laravel/framework/src/Illuminate/Container/BoundMethod.php:34
/var/www/html/Laravel-engineer-Interview/vendor/laravel/framework/src/Illuminate/Container/Container.php:576
/var/www/html/Laravel-engineer-Interview/vendor/laravel/framework/src/Illuminate/Console/Command.php:183
/var/www/html/Laravel-engineer-Interview/vendor/symfony/console/Command/Command.php:255
/var/www/html/Laravel-engineer-Interview/vendor/laravel/framework/src/Illuminate/Console/Command.php:170
/var/www/html/Laravel-engineer-Interview/vendor/symfony/console/Application.php:934
/var/www/html/Laravel-engineer-Interview/vendor/symfony/console/Application.php:273
/var/www/html/Laravel-engineer-Interview/vendor/symfony/console/Application.php:149
/var/www/html/Laravel-engineer-Interview/vendor/laravel/framework/src/Illuminate/Console/Application.php:90
/var/www/html/Laravel-engineer-Interview/vendor/laravel/framework/src/Illuminate/Console/Application.php:182
/var/www/html/Laravel-engineer-Interview/vendor/laravel/framework/src/Illuminate/Foundation/Console/Kernel.php:275
/var/www/html/Laravel-engineer-Interview/vendor/laravel/framework/src/Illuminate/Foundation/Testing/PendingCommand.php:136
/var/www/html/Laravel-engineer-Interview/vendor/laravel/framework/src/Illuminate/Foundation/Testing/PendingCommand.php:220
/var/www/html/Laravel-engineer-Interview/vendor/laravel/framework/src/Illuminate/Foundation/Testing/Concerns/InteractsWithConsole.php:56
/var/www/html/Laravel-engineer-Interview/vendor/laravel/framework/src/Illuminate/Foundation/Testing/RefreshDatabase.php:55
/var/www/html/Laravel-engineer-Interview/vendor/laravel/framework/src/Illuminate/Foundation/Testing/RefreshDatabase.php:18
/var/www/html/Laravel-engineer-Interview/vendor/laravel/framework/src/Illuminate/Foundation/Testing/TestCase.php:114
/var/www/html/Laravel-engineer-Interview/vendor/laravel/framework/src/Illuminate/Foundation/Testing/TestCase.php:81
</error>
      </testcase>
      <testcase name="testDenyNonAdminUserAccess" class="Tests\Feature\BookPostTest" classname="Tests.Feature.BookPostTest" file="/var/www/html/Laravel-engineer-Interview/tests/Feature/BookPostTest.php" line="27" assertions="0" time="0.558744">
        <error type="Illuminate\Database\QueryException">Tests\Feature\BookPostTest::testDenyNonAdminUserAccess
Illuminate\Database\QueryException: SQLSTATE[HY000]: General error: 1215 Cannot add foreign key constraint (SQL: alter table `book_author` add constraint `book_author_book_id_foreign` foreign key (`book_id`) references `books` (`id`) on delete cascade)

/var/www/html/Laravel-engineer-Interview/vendor/laravel/framework/src/Illuminate/Database/Connection.php:664
/var/www/html/Laravel-engineer-Interview/vendor/laravel/framework/src/Illuminate/Database/Connection.php:624
/var/www/html/Laravel-engineer-Interview/vendor/laravel/framework/src/Illuminate/Database/Connection.php:459
/var/www/html/Laravel-engineer-Interview/vendor/laravel/framework/src/Illuminate/Database/Schema/Blueprint.php:97
/var/www/html/Laravel-engineer-Interview/vendor/laravel/framework/src/Illuminate/Database/Schema/Builder.php:278
/var/www/html/Laravel-engineer-Interview/vendor/laravel/framework/src/Illuminate/Database/Schema/Builder.php:167
/var/www/html/Laravel-engineer-Interview/vendor/laravel/framework/src/Illuminate/Support/Facades/Facade.php:239
/var/www/html/Laravel-engineer-Interview/database/migrations/2019_05_07_000000_create_books_table.php:35
/var/www/html/Laravel-engineer-Interview/vendor/laravel/framework/src/Illuminate/Database/Migrations/Migrator.php:387
/var/www/html/Laravel-engineer-Interview/vendor/laravel/framework/src/Illuminate/Database/Migrations/Migrator.php:396
/var/www/html/Laravel-engineer-Interview/vendor/laravel/framework/src/Illuminate/Database/Migrations/Migrator.php:197
/var/www/html/Laravel-engineer-Interview/vendor/laravel/framework/src/Illuminate/Database/Migrations/Migrator.php:162
/var/www/html/Laravel-engineer-Interview/vendor/laravel/framework/src/Illuminate/Database/Migrations/Migrator.php:109
/var/www/html/Laravel-engineer-Interview/vendor/laravel/framework/src/Illuminate/Database/Console/Migrations/MigrateCommand.php:71
/var/www/html/Laravel-engineer-Interview/vendor/laravel/framework/src/Illuminate/Container/BoundMethod.php:32
/var/www/html/Laravel-engineer-Interview/vendor/laravel/framework/src/Illuminate/Container/BoundMethod.php:90
/var/www/html/Laravel-engineer-Interview/vendor/laravel/framework/src/Illuminate/Container/BoundMethod.php:34
/var/www/html/Laravel-engineer-Interview/vendor/laravel/framework/src/Illuminate/Container/Container.php:576
/var/www/html/Laravel-engineer-Interview/vendor/laravel/framework/src/Illuminate/Console/Command.php:183
/var/www/html/Laravel-engineer-Interview/vendor/symfony/console/Command/Command.php:255
/var/www/html/Laravel-engineer-Interview/vendor/laravel/framework/src/Illuminate/Console/Command.php:170
/var/www/html/Laravel-engineer-Interview/vendor/laravel/framework/src/Illuminate/Console/Command.php:198
/var/www/html/Laravel-engineer-Interview/vendor/laravel/framework/src/Illuminate/Database/Console/Migrations/FreshCommand.php:61
/var/www/html/Laravel-engineer-Interview/vendor/laravel/framework/src/Illuminate/Container/BoundMethod.php:32
/var/www/html/Laravel-engineer-Interview/vendor/laravel/framework/src/Illuminate/Container/BoundMethod.php:90
/var/www/html/Laravel-engineer-Interview/vendor/laravel/framework/src/Illuminate/Container/BoundMethod.php:34
/var/www/html/Laravel-engineer-Interview/vendor/laravel/framework/src/Illuminate/Container/Container.php:576
/var/www/html/Laravel-engineer-Interview/vendor/laravel/framework/src/Illuminate/Console/Command.php:183
/var/www/html/Laravel-engineer-Interview/vendor/symfony/console/Command/Command.php:255
/var/www/html/Laravel-engineer-Interview/vendor/laravel/framework/src/Illuminate/Console/Command.php:170
/var/www/html/Laravel-engineer-Interview/vendor/symfony/console/Application.php:934
/var/www/html/Laravel-engineer-Interview/vendor/symfony/console/Application.php:273
/var/www/html/Laravel-engineer-Interview/vendor/symfony/console/Application.php:149
/var/www/html/Laravel-engineer-Interview/vendor/laravel/framework/src/Illuminate/Console/Application.php:90
/var/www/html/Laravel-engineer-Interview/vendor/laravel/framework/src/Illuminate/Console/Application.php:182
/var/www/html/Laravel-engineer-Interview/vendor/laravel/framework/src/Illuminate/Foundation/Console/Kernel.php:275
/var/www/html/Laravel-engineer-Interview/vendor/laravel/framework/src/Illuminate/Foundation/Testing/PendingCommand.php:136
/var/www/html/Laravel-engineer-Interview/vendor/laravel/framework/src/Illuminate/Foundation/Testing/PendingCommand.php:220
/var/www/html/Laravel-engineer-Interview/vendor/laravel/framework/src/Illuminate/Foundation/Testing/Concerns/InteractsWithConsole.php:56
/var/www/html/Laravel-engineer-Interview/vendor/laravel/framework/src/Illuminate/Foundation/Testing/RefreshDatabase.php:55
/var/www/html/Laravel-engineer-Interview/vendor/laravel/framework/src/Illuminate/Foundation/Testing/RefreshDatabase.php:18
/var/www/html/Laravel-engineer-Interview/vendor/laravel/framework/src/Illuminate/Foundation/Testing/TestCase.php:114
/var/www/html/Laravel-engineer-Interview/vendor/laravel/framework/src/Illuminate/Foundation/Testing/TestCase.php:81
</error>
      </testcase>
      <testcase name="testSuccessfulPost" class="Tests\Feature\BookPostTest" classname="Tests.Feature.BookPostTest" file="/var/www/html/Laravel-engineer-Interview/tests/Feature/BookPostTest.php" line="44" assertions="0" time="0.506001">
        <error type="Illuminate\Database\QueryException">Tests\Feature\BookPostTest::testSuccessfulPost
Illuminate\Database\QueryException: SQLSTATE[HY000]: General error: 1215 Cannot add foreign key constraint (SQL: alter table `book_author` add constraint `book_author_book_id_foreign` foreign key (`book_id`) references `books` (`id`) on delete cascade)

/var/www/html/Laravel-engineer-Interview/vendor/laravel/framework/src/Illuminate/Database/Connection.php:664
/var/www/html/Laravel-engineer-Interview/vendor/laravel/framework/src/Illuminate/Database/Connection.php:624
/var/www/html/Laravel-engineer-Interview/vendor/laravel/framework/src/Illuminate/Database/Connection.php:459
/var/www/html/Laravel-engineer-Interview/vendor/laravel/framework/src/Illuminate/Database/Schema/Blueprint.php:97
/var/www/html/Laravel-engineer-Interview/vendor/laravel/framework/src/Illuminate/Database/Schema/Builder.php:278
/var/www/html/Laravel-engineer-Interview/vendor/laravel/framework/src/Illuminate/Database/Schema/Builder.php:167
/var/www/html/Laravel-engineer-Interview/vendor/laravel/framework/src/Illuminate/Support/Facades/Facade.php:239
/var/www/html/Laravel-engineer-Interview/database/migrations/2019_05_07_000000_create_books_table.php:35
/var/www/html/Laravel-engineer-Interview/vendor/laravel/framework/src/Illuminate/Database/Migrations/Migrator.php:387
/var/www/html/Laravel-engineer-Interview/vendor/laravel/framework/src/Illuminate/Database/Migrations/Migrator.php:396
/var/www/html/Laravel-engineer-Interview/vendor/laravel/framework/src/Illuminate/Database/Migrations/Migrator.php:197
/var/www/html/Laravel-engineer-Interview/vendor/laravel/framework/src/Illuminate/Database/Migrations/Migrator.php:162
/var/www/html/Laravel-engineer-Interview/vendor/laravel/framework/src/Illuminate/Database/Migrations/Migrator.php:109
/var/www/html/Laravel-engineer-Interview/vendor/laravel/framework/src/Illuminate/Database/Console/Migrations/MigrateCommand.php:71
/var/www/html/Laravel-engineer-Interview/vendor/laravel/framework/src/Illuminate/Container/BoundMethod.php:32
/var/www/html/Laravel-engineer-Interview/vendor/laravel/framework/src/Illuminate/Container/BoundMethod.php:90
/var/www/html/Laravel-engineer-Interview/vendor/laravel/framework/src/Illuminate/Container/BoundMethod.php:34
/var/www/html/Laravel-engineer-Interview/vendor/laravel/framework/src/Illuminate/Container/Container.php:576
/var/www/html/Laravel-engineer-Interview/vendor/laravel/framework/src/Illuminate/Console/Command.php:183
/var/www/html/Laravel-engineer-Interview/vendor/symfony/console/Command/Command.php:255
/var/www/html/Laravel-engineer-Interview/vendor/laravel/framework/src/Illuminate/Console/Command.php:170
/var/www/html/Laravel-engineer-Interview/vendor/laravel/framework/src/Illuminate/Console/Command.php:198
/var/www/html/Laravel-engineer-Interview/vendor/laravel/framework/src/Illuminate/Database/Console/Migrations/FreshCommand.php:61
/var/www/html/Laravel-engineer-Interview/vendor/laravel/framework/src/Illuminate/Container/BoundMethod.php:32
/var/www/html/Laravel-engineer-Interview/vendor/laravel/framework/src/Illuminate/Container/BoundMethod.php:90
/var/www/html/Laravel-engineer-Interview/vendor/laravel/framework/src/Illuminate/Container/BoundMethod.php:34
/var/www/html/Laravel-engineer-Interview/vendor/laravel/framework/src/Illuminate/Container/Container.php:576
/var/www/html/Laravel-engineer-Interview/vendor/laravel/framework/src/Illuminate/Console/Command.php:183
/var/www/html/Laravel-engineer-Interview/vendor/symfony/console/Command/Command.php:255
/var/www/html/Laravel-engineer-Interview/vendor/laravel/framework/src/Illuminate/Console/Command.php:170
/var/www/html/Laravel-engineer-Interview/vendor/symfony/console/Application.php:934
/var/www/html/Laravel-engineer-Interview/vendor/symfony/console/Application.php:273
/var/www/html/Laravel-engineer-Interview/vendor/symfony/console/Application.php:149
/var/www/html/Laravel-engineer-Interview/vendor/laravel/framework/src/Illuminate/Console/Application.php:90
/var/www/html/Laravel-engineer-Interview/vendor/laravel/framework/src/Illuminate/Console/Application.php:182
/var/www/html/Laravel-engineer-Interview/vendor/laravel/framework/src/Illuminate/Foundation/Console/Kernel.php:275
/var/www/html/Laravel-engineer-Interview/vendor/laravel/framework/src/Illuminate/Foundation/Testing/PendingCommand.php:136
/var/www/html/Laravel-engineer-Interview/vendor/laravel/framework/src/Illuminate/Foundation/Testing/PendingCommand.php:220
/var/www/html/Laravel-engineer-Interview/vendor/laravel/framework/src/Illuminate/Foundation/Testing/Concerns/InteractsWithConsole.php:56
/var/www/html/Laravel-engineer-Interview/vendor/laravel/framework/src/Illuminate/Foundation/Testing/RefreshDatabase.php:55
/var/www/html/Laravel-engineer-Interview/vendor/laravel/framework/src/Illuminate/Foundation/Testing/RefreshDatabase.php:18
/var/www/html/Laravel-engineer-Interview/vendor/laravel/framework/src/Illuminate/Foundation/Testing/TestCase.php:114
/var/www/html/Laravel-engineer-Interview/vendor/laravel/framework/src/Illuminate/Foundation/Testing/TestCase.php:81
</error>
      </testcase>
      <testsuite name="Tests\Feature\BookPostTest::testValidation" tests="22" assertions="0" errors="22" failures="0" skipped="0" time="12.144334">
        <testcase name="testValidation with data set #0" class="Tests\Feature\BookPostTest" classname="Tests.Feature.BookPostTest" file="/var/www/html/Laravel-engineer-Interview/tests/Feature/BookPostTest.php" line="71" assertions="0" time="0.742064">
          <error type="Illuminate\Database\QueryException">Tests\Feature\BookPostTest::testValidation with data set #0 (array(null), 'isbn')
Illuminate\Database\QueryException: SQLSTATE[HY000]: General error: 1215 Cannot add foreign key constraint (SQL: alter table `book_author` add constraint `book_author_book_id_foreign` foreign key (`book_id`) references `books` (`id`) on delete cascade)

/var/www/html/Laravel-engineer-Interview/vendor/laravel/framework/src/Illuminate/Database/Connection.php:664
/var/www/html/Laravel-engineer-Interview/vendor/laravel/framework/src/Illuminate/Database/Connection.php:624
/var/www/html/Laravel-engineer-Interview/vendor/laravel/framework/src/Illuminate/Database/Connection.php:459
/var/www/html/Laravel-engineer-Interview/vendor/laravel/framework/src/Illuminate/Database/Schema/Blueprint.php:97
/var/www/html/Laravel-engineer-Interview/vendor/laravel/framework/src/Illuminate/Database/Schema/Builder.php:278
/var/www/html/Laravel-engineer-Interview/vendor/laravel/framework/src/Illuminate/Database/Schema/Builder.php:167
/var/www/html/Laravel-engineer-Interview/vendor/laravel/framework/src/Illuminate/Support/Facades/Facade.php:239
/var/www/html/Laravel-engineer-Interview/database/migrations/2019_05_07_000000_create_books_table.php:35
/var/www/html/Laravel-engineer-Interview/vendor/laravel/framework/src/Illuminate/Database/Migrations/Migrator.php:387
/var/www/html/Laravel-engineer-Interview/vendor/laravel/framework/src/Illuminate/Database/Migrations/Migrator.php:396
/var/www/html/Laravel-engineer-Interview/vendor/laravel/framework/src/Illuminate/Database/Migrations/Migrator.php:197
/var/www/html/Laravel-engineer-Interview/vendor/laravel/framework/src/Illuminate/Database/Migrations/Migrator.php:162
/var/www/html/Laravel-engineer-Interview/vendor/laravel/framework/src/Illuminate/Database/Migrations/Migrator.php:109
/var/www/html/Laravel-engineer-Interview/vendor/laravel/framework/src/Illuminate/Database/Console/Migrations/MigrateCommand.php:71
/var/www/html/Laravel-engineer-Interview/vendor/laravel/framework/src/Illuminate/Container/BoundMethod.php:32
/var/www/html/Laravel-engineer-Interview/vendor/laravel/framework/src/Illuminate/Container/BoundMethod.php:90
/var/www/html/Laravel-engineer-Interview/vendor/laravel/framework/src/Illuminate/Container/BoundMethod.php:34
/var/www/html/Laravel-engineer-Interview/vendor/laravel/framework/src/Illuminate/Container/Container.php:576
/var/www/html/Laravel-engineer-Interview/vendor/laravel/framework/src/Illuminate/Console/Command.php:183
/var/www/html/Laravel-engineer-Interview/vendor/symfony/console/Command/Command.php:255
/var/www/html/Laravel-engineer-Interview/vendor/laravel/framework/src/Illuminate/Console/Command.php:170
/var/www/html/Laravel-engineer-Interview/vendor/laravel/framework/src/Illuminate/Console/Command.php:198
/var/www/html/Laravel-engineer-Interview/vendor/laravel/framework/src/Illuminate/Database/Console/Migrations/FreshCommand.php:61
/var/www/html/Laravel-engineer-Interview/vendor/laravel/framework/src/Illuminate/Container/BoundMethod.php:32
/var/www/html/Laravel-engineer-Interview/vendor/laravel/framework/src/Illuminate/Container/BoundMethod.php:90
/var/www/html/Laravel-engineer-Interview/vendor/laravel/framework/src/Illuminate/Container/BoundMethod.php:34
/var/www/html/Laravel-engineer-Interview/vendor/laravel/framework/src/Illuminate/Container/Container.php:576
/var/www/html/Laravel-engineer-Interview/vendor/laravel/framework/src/Illuminate/Console/Command.php:183
/var/www/html/Laravel-engineer-Interview/vendor/symfony/console/Command/Command.php:255
/var/www/html/Laravel-engineer-Interview/vendor/laravel/framework/src/Illuminate/Console/Command.php:170
/var/www/html/Laravel-engineer-Interview/vendor/symfony/console/Application.php:934
/var/www/html/Laravel-engineer-Interview/vendor/symfony/console/Application.php:273
/var/www/html/Laravel-engineer-Interview/vendor/symfony/console/Application.php:149
/var/www/html/Laravel-engineer-Interview/vendor/laravel/framework/src/Illuminate/Console/Application.php:90
/var/www/html/Laravel-engineer-Interview/vendor/laravel/framework/src/Illuminate/Console/Application.php:182
/var/www/html/Laravel-engineer-Interview/vendor/laravel/framework/src/Illuminate/Foundation/Console/Kernel.php:275
/var/www/html/Laravel-engineer-Interview/vendor/laravel/framework/src/Illuminate/Foundation/Testing/PendingCommand.php:136
/var/www/html/Laravel-engineer-Interview/vendor/laravel/framework/src/Illuminate/Foundation/Testing/PendingCommand.php:220
/var/www/html/Laravel-engineer-Interview/vendor/laravel/framework/src/Illuminate/Foundation/Testing/Concerns/InteractsWithConsole.php:56
/var/www/html/Laravel-engineer-Interview/vendor/laravel/framework/src/Illuminate/Foundation/Testing/RefreshDatabase.php:55
/var/www/html/Laravel-engineer-Interview/vendor/laravel/framework/src/Illuminate/Foundation/Testing/RefreshDatabase.php:18
/var/www/html/Laravel-engineer-Interview/vendor/laravel/framework/src/Illuminate/Foundation/Testing/TestCase.php:114
/var/www/html/Laravel-engineer-Interview/vendor/laravel/framework/src/Illuminate/Foundation/Testing/TestCase.php:81
</error>
        </testcase>
        <testcase name="testValidation with data set #1" class="Tests\Feature\BookPostTest" classname="Tests.Feature.BookPostTest" file="/var/www/html/Laravel-engineer-Interview/tests/Feature/BookPostTest.php" line="71" assertions="0" time="0.481971">
          <error type="Illuminate\Database\QueryException">Tests\Feature\BookPostTest::testValidation with data set #1 (array(''), 'isbn')
Illuminate\Database\QueryException: SQLSTATE[HY000]: General error: 1215 Cannot add foreign key constraint (SQL: alter table `book_author` add constraint `book_author_book_id_foreign` foreign key (`book_id`) references `books` (`id`) on delete cascade)

/var/www/html/Laravel-engineer-Interview/vendor/laravel/framework/src/Illuminate/Database/Connection.php:664
/var/www/html/Laravel-engineer-Interview/vendor/laravel/framework/src/Illuminate/Database/Connection.php:624
/var/www/html/Laravel-engineer-Interview/vendor/laravel/framework/src/Illuminate/Database/Connection.php:459
/var/www/html/Laravel-engineer-Interview/vendor/laravel/framework/src/Illuminate/Database/Schema/Blueprint.php:97
/var/www/html/Laravel-engineer-Interview/vendor/laravel/framework/src/Illuminate/Database/Schema/Builder.php:278
/var/www/html/Laravel-engineer-Interview/vendor/laravel/framework/src/Illuminate/Database/Schema/Builder.php:167
/var/www/html/Laravel-engineer-Interview/vendor/laravel/framework/src/Illuminate/Support/Facades/Facade.php:239
/var/www/html/Laravel-engineer-Interview/database/migrations/2019_05_07_000000_create_books_table.php:35
/var/www/html/Laravel-engineer-Interview/vendor/laravel/framework/src/Illuminate/Database/Migrations/Migrator.php:387
/var/www/html/Laravel-engineer-Interview/vendor/laravel/framework/src/Illuminate/Database/Migrations/Migrator.php:396
/var/www/html/Laravel-engineer-Interview/vendor/laravel/framework/src/Illuminate/Database/Migrations/Migrator.php:197
/var/www/html/Laravel-engineer-Interview/vendor/laravel/framework/src/Illuminate/Database/Migrations/Migrator.php:162
/var/www/html/Laravel-engineer-Interview/vendor/laravel/framework/src/Illuminate/Database/Migrations/Migrator.php:109
/var/www/html/Laravel-engineer-Interview/vendor/laravel/framework/src/Illuminate/Database/Console/Migrations/MigrateCommand.php:71
/var/www/html/Laravel-engineer-Interview/vendor/laravel/framework/src/Illuminate/Container/BoundMethod.php:32
/var/www/html/Laravel-engineer-Interview/vendor/laravel/framework/src/Illuminate/Container/BoundMethod.php:90
/var/www/html/Laravel-engineer-Interview/vendor/laravel/framework/src/Illuminate/Container/BoundMethod.php:34
/var/www/html/Laravel-engineer-Interview/vendor/laravel/framework/src/Illuminate/Container/Container.php:576
/var/www/html/Laravel-engineer-Interview/vendor/laravel/framework/src/Illuminate/Console/Command.php:183
/var/www/html/Laravel-engineer-Interview/vendor/symfony/console/Command/Command.php:255
/var/www/html/Laravel-engineer-Interview/vendor/laravel/framework/src/Illuminate/Console/Command.php:170
/var/www/html/Laravel-engineer-Interview/vendor/laravel/framework/src/Illuminate/Console/Command.php:198
/var/www/html/Laravel-engineer-Interview/vendor/laravel/framework/src/Illuminate/Database/Console/Migrations/FreshCommand.php:61
/var/www/html/Laravel-engineer-Interview/vendor/laravel/framework/src/Illuminate/Container/BoundMethod.php:32
/var/www/html/Laravel-engineer-Interview/vendor/laravel/framework/src/Illuminate/Container/BoundMethod.php:90
/var/www/html/Laravel-engineer-Interview/vendor/laravel/framework/src/Illuminate/Container/BoundMethod.php:34
/var/www/html/Laravel-engineer-Interview/vendor/laravel/framework/src/Illuminate/Container/Container.php:576
/var/www/html/Laravel-engineer-Interview/vendor/laravel/framework/src/Illuminate/Console/Command.php:183
/var/www/html/Laravel-engineer-Interview/vendor/symfony/console/Command/Command.php:255
/var/www/html/Laravel-engineer-Interview/vendor/laravel/framework/src/Illuminate/Console/Command.php:170
/var/www/html/Laravel-engineer-Interview/vendor/symfony/console/Application.php:934
/var/www/html/Laravel-engineer-Interview/vendor/symfony/console/Application.php:273
/var/www/html/Laravel-engineer-Interview/vendor/symfony/console/Application.php:149
/var/www/html/Laravel-engineer-Interview/vendor/laravel/framework/src/Illuminate/Console/Application.php:90
/var/www/html/Laravel-engineer-Interview/vendor/laravel/framework/src/Illuminate/Console/Application.php:182
/var/www/html/Laravel-engineer-Interview/vendor/laravel/framework/src/Illuminate/Foundation/Console/Kernel.php:275
/var/www/html/Laravel-engineer-Interview/vendor/laravel/framework/src/Illuminate/Foundation/Testing/PendingCommand.php:136
/var/www/html/Laravel-engineer-Interview/vendor/laravel/framework/src/Illuminate/Foundation/Testing/PendingCommand.php:220
/var/www/html/Laravel-engineer-Interview/vendor/laravel/framework/src/Illuminate/Foundation/Testing/Concerns/InteractsWithConsole.php:56
/var/www/html/Laravel-engineer-Interview/vendor/laravel/framework/src/Illuminate/Foundation/Testing/RefreshDatabase.php:55
/var/www/html/Laravel-engineer-Interview/vendor/laravel/framework/src/Illuminate/Foundation/Testing/RefreshDatabase.php:18
/var/www/html/Laravel-engineer-Interview/vendor/laravel/framework/src/Illuminate/Foundation/Testing/TestCase.php:114
/var/www/html/Laravel-engineer-Interview/vendor/laravel/framework/src/Illuminate/Foundation/Testing/TestCase.php:81
</error>
        </testcase>
        <testcase name="testValidation with data set #2" class="Tests\Feature\BookPostTest" classname="Tests.Feature.BookPostTest" file="/var/www/html/Laravel-engineer-Interview/tests/Feature/BookPostTest.php" line="71" assertions="0" time="0.513408">
          <error type="Illuminate\Database\QueryException">Tests\Feature\BookPostTest::testValidation with data set #2 (array('9788328302341'), 'isbn')
Illuminate\Database\QueryException: SQLSTATE[HY000]: General error: 1215 Cannot add foreign key constraint (SQL: alter table `book_author` add constraint `book_author_book_id_foreign` foreign key (`book_id`) references `books` (`id`) on delete cascade)

/var/www/html/Laravel-engineer-Interview/vendor/laravel/framework/src/Illuminate/Database/Connection.php:664
/var/www/html/Laravel-engineer-Interview/vendor/laravel/framework/src/Illuminate/Database/Connection.php:624
/var/www/html/Laravel-engineer-Interview/vendor/laravel/framework/src/Illuminate/Database/Connection.php:459
/var/www/html/Laravel-engineer-Interview/vendor/laravel/framework/src/Illuminate/Database/Schema/Blueprint.php:97
/var/www/html/Laravel-engineer-Interview/vendor/laravel/framework/src/Illuminate/Database/Schema/Builder.php:278
/var/www/html/Laravel-engineer-Interview/vendor/laravel/framework/src/Illuminate/Database/Schema/Builder.php:167
/var/www/html/Laravel-engineer-Interview/vendor/laravel/framework/src/Illuminate/Support/Facades/Facade.php:239
/var/www/html/Laravel-engineer-Interview/database/migrations/2019_05_07_000000_create_books_table.php:35
/var/www/html/Laravel-engineer-Interview/vendor/laravel/framework/src/Illuminate/Database/Migrations/Migrator.php:387
/var/www/html/Laravel-engineer-Interview/vendor/laravel/framework/src/Illuminate/Database/Migrations/Migrator.php:396
/var/www/html/Laravel-engineer-Interview/vendor/laravel/framework/src/Illuminate/Database/Migrations/Migrator.php:197
/var/www/html/Laravel-engineer-Interview/vendor/laravel/framework/src/Illuminate/Database/Migrations/Migrator.php:162
/var/www/html/Laravel-engineer-Interview/vendor/laravel/framework/src/Illuminate/Database/Migrations/Migrator.php:109
/var/www/html/Laravel-engineer-Interview/vendor/laravel/framework/src/Illuminate/Database/Console/Migrations/MigrateCommand.php:71
/var/www/html/Laravel-engineer-Interview/vendor/laravel/framework/src/Illuminate/Container/BoundMethod.php:32
/var/www/html/Laravel-engineer-Interview/vendor/laravel/framework/src/Illuminate/Container/BoundMethod.php:90
/var/www/html/Laravel-engineer-Interview/vendor/laravel/framework/src/Illuminate/Container/BoundMethod.php:34
/var/www/html/Laravel-engineer-Interview/vendor/laravel/framework/src/Illuminate/Container/Container.php:576
/var/www/html/Laravel-engineer-Interview/vendor/laravel/framework/src/Illuminate/Console/Command.php:183
/var/www/html/Laravel-engineer-Interview/vendor/symfony/console/Command/Command.php:255
/var/www/html/Laravel-engineer-Interview/vendor/laravel/framework/src/Illuminate/Console/Command.php:170
/var/www/html/Laravel-engineer-Interview/vendor/laravel/framework/src/Illuminate/Console/Command.php:198
/var/www/html/Laravel-engineer-Interview/vendor/laravel/framework/src/Illuminate/Database/Console/Migrations/FreshCommand.php:61
/var/www/html/Laravel-engineer-Interview/vendor/laravel/framework/src/Illuminate/Container/BoundMethod.php:32
/var/www/html/Laravel-engineer-Interview/vendor/laravel/framework/src/Illuminate/Container/BoundMethod.php:90
/var/www/html/Laravel-engineer-Interview/vendor/laravel/framework/src/Illuminate/Container/BoundMethod.php:34
/var/www/html/Laravel-engineer-Interview/vendor/laravel/framework/src/Illuminate/Container/Container.php:576
/var/www/html/Laravel-engineer-Interview/vendor/laravel/framework/src/Illuminate/Console/Command.php:183
/var/www/html/Laravel-engineer-Interview/vendor/symfony/console/Command/Command.php:255
/var/www/html/Laravel-engineer-Interview/vendor/laravel/framework/src/Illuminate/Console/Command.php:170
/var/www/html/Laravel-engineer-Interview/vendor/symfony/console/Application.php:934
/var/www/html/Laravel-engineer-Interview/vendor/symfony/console/Application.php:273
/var/www/html/Laravel-engineer-Interview/vendor/symfony/console/Application.php:149
/var/www/html/Laravel-engineer-Interview/vendor/laravel/framework/src/Illuminate/Console/Application.php:90
/var/www/html/Laravel-engineer-Interview/vendor/laravel/framework/src/Illuminate/Console/Application.php:182
/var/www/html/Laravel-engineer-Interview/vendor/laravel/framework/src/Illuminate/Foundation/Console/Kernel.php:275
/var/www/html/Laravel-engineer-Interview/vendor/laravel/framework/src/Illuminate/Foundation/Testing/PendingCommand.php:136
/var/www/html/Laravel-engineer-Interview/vendor/laravel/framework/src/Illuminate/Foundation/Testing/PendingCommand.php:220
/var/www/html/Laravel-engineer-Interview/vendor/laravel/framework/src/Illuminate/Foundation/Testing/Concerns/InteractsWithConsole.php:56
/var/www/html/Laravel-engineer-Interview/vendor/laravel/framework/src/Illuminate/Foundation/Testing/RefreshDatabase.php:55
/var/www/html/Laravel-engineer-Interview/vendor/laravel/framework/src/Illuminate/Foundation/Testing/RefreshDatabase.php:18
/var/www/html/Laravel-engineer-Interview/vendor/laravel/framework/src/Illuminate/Foundation/Testing/TestCase.php:114
/var/www/html/Laravel-engineer-Interview/vendor/laravel/framework/src/Illuminate/Foundation/Testing/TestCase.php:81
</error>
        </testcase>
        <testcase name="testValidation with data set #3" class="Tests\Feature\BookPostTest" classname="Tests.Feature.BookPostTest" file="/var/www/html/Laravel-engineer-Interview/tests/Feature/BookPostTest.php" line="71" assertions="0" time="0.519231">
          <error type="Illuminate\Database\QueryException">Tests\Feature\BookPostTest::testValidation with data set #3 (array('978832830234'), 'isbn')
Illuminate\Database\QueryException: SQLSTATE[HY000]: General error: 1215 Cannot add foreign key constraint (SQL: alter table `book_author` add constraint `book_author_book_id_foreign` foreign key (`book_id`) references `books` (`id`) on delete cascade)

/var/www/html/Laravel-engineer-Interview/vendor/laravel/framework/src/Illuminate/Database/Connection.php:664
/var/www/html/Laravel-engineer-Interview/vendor/laravel/framework/src/Illuminate/Database/Connection.php:624
/var/www/html/Laravel-engineer-Interview/vendor/laravel/framework/src/Illuminate/Database/Connection.php:459
/var/www/html/Laravel-engineer-Interview/vendor/laravel/framework/src/Illuminate/Database/Schema/Blueprint.php:97
/var/www/html/Laravel-engineer-Interview/vendor/laravel/framework/src/Illuminate/Database/Schema/Builder.php:278
/var/www/html/Laravel-engineer-Interview/vendor/laravel/framework/src/Illuminate/Database/Schema/Builder.php:167
/var/www/html/Laravel-engineer-Interview/vendor/laravel/framework/src/Illuminate/Support/Facades/Facade.php:239
/var/www/html/Laravel-engineer-Interview/database/migrations/2019_05_07_000000_create_books_table.php:35
/var/www/html/Laravel-engineer-Interview/vendor/laravel/framework/src/Illuminate/Database/Migrations/Migrator.php:387
/var/www/html/Laravel-engineer-Interview/vendor/laravel/framework/src/Illuminate/Database/Migrations/Migrator.php:396
/var/www/html/Laravel-engineer-Interview/vendor/laravel/framework/src/Illuminate/Database/Migrations/Migrator.php:197
/var/www/html/Laravel-engineer-Interview/vendor/laravel/framework/src/Illuminate/Database/Migrations/Migrator.php:162
/var/www/html/Laravel-engineer-Interview/vendor/laravel/framework/src/Illuminate/Database/Migrations/Migrator.php:109
/var/www/html/Laravel-engineer-Interview/vendor/laravel/framework/src/Illuminate/Database/Console/Migrations/MigrateCommand.php:71
/var/www/html/Laravel-engineer-Interview/vendor/laravel/framework/src/Illuminate/Container/BoundMethod.php:32
/var/www/html/Laravel-engineer-Interview/vendor/laravel/framework/src/Illuminate/Container/BoundMethod.php:90
/var/www/html/Laravel-engineer-Interview/vendor/laravel/framework/src/Illuminate/Container/BoundMethod.php:34
/var/www/html/Laravel-engineer-Interview/vendor/laravel/framework/src/Illuminate/Container/Container.php:576
/var/www/html/Laravel-engineer-Interview/vendor/laravel/framework/src/Illuminate/Console/Command.php:183
/var/www/html/Laravel-engineer-Interview/vendor/symfony/console/Command/Command.php:255
/var/www/html/Laravel-engineer-Interview/vendor/laravel/framework/src/Illuminate/Console/Command.php:170
/var/www/html/Laravel-engineer-Interview/vendor/laravel/framework/src/Illuminate/Console/Command.php:198
/var/www/html/Laravel-engineer-Interview/vendor/laravel/framework/src/Illuminate/Database/Console/Migrations/FreshCommand.php:61
/var/www/html/Laravel-engineer-Interview/vendor/laravel/framework/src/Illuminate/Container/BoundMethod.php:32
/var/www/html/Laravel-engineer-Interview/vendor/laravel/framework/src/Illuminate/Container/BoundMethod.php:90
/var/www/html/Laravel-engineer-Interview/vendor/laravel/framework/src/Illuminate/Container/BoundMethod.php:34
/var/www/html/Laravel-engineer-Interview/vendor/laravel/framework/src/Illuminate/Container/Container.php:576
/var/www/html/Laravel-engineer-Interview/vendor/laravel/framework/src/Illuminate/Console/Command.php:183
/var/www/html/Laravel-engineer-Interview/vendor/symfony/console/Command/Command.php:255
/var/www/html/Laravel-engineer-Interview/vendor/laravel/framework/src/Illuminate/Console/Command.php:170
/var/www/html/Laravel-engineer-Interview/vendor/symfony/console/Application.php:934
/var/www/html/Laravel-engineer-Interview/vendor/symfony/console/Application.php:273
/var/www/html/Laravel-engineer-Interview/vendor/symfony/console/Application.php:149
/var/www/html/Laravel-engineer-Interview/vendor/laravel/framework/src/Illuminate/Console/Application.php:90
/var/www/html/Laravel-engineer-Interview/vendor/laravel/framework/src/Illuminate/Console/Application.php:182
/var/www/html/Laravel-engineer-Interview/vendor/laravel/framework/src/Illuminate/Foundation/Console/Kernel.php:275
/var/www/html/Laravel-engineer-Interview/vendor/laravel/framework/src/Illuminate/Foundation/Testing/PendingCommand.php:136
/var/www/html/Laravel-engineer-Interview/vendor/laravel/framework/src/Illuminate/Foundation/Testing/PendingCommand.php:220
/var/www/html/Laravel-engineer-Interview/vendor/laravel/framework/src/Illuminate/Foundation/Testing/Concerns/InteractsWithConsole.php:56
/var/www/html/Laravel-engineer-Interview/vendor/laravel/framework/src/Illuminate/Foundation/Testing/RefreshDatabase.php:55
/var/www/html/Laravel-engineer-Interview/vendor/laravel/framework/src/Illuminate/Foundation/Testing/RefreshDatabase.php:18
/var/www/html/Laravel-engineer-Interview/vendor/laravel/framework/src/Illuminate/Foundation/Testing/TestCase.php:114
/var/www/html/Laravel-engineer-Interview/vendor/laravel/framework/src/Illuminate/Foundation/Testing/TestCase.php:81
</error>
        </testcase>
        <testcase name="testValidation with data set #4" class="Tests\Feature\BookPostTest" classname="Tests.Feature.BookPostTest" file="/var/www/html/Laravel-engineer-Interview/tests/Feature/BookPostTest.php" line="71" assertions="0" time="1.706229">
          <error type="Illuminate\Database\QueryException">Tests\Feature\BookPostTest::testValidation with data set #4 (array('97883283023422'), 'isbn')
Illuminate\Database\QueryException: SQLSTATE[HY000]: General error: 1215 Cannot add foreign key constraint (SQL: alter table `book_author` add constraint `book_author_book_id_foreign` foreign key (`book_id`) references `books` (`id`) on delete cascade)

/var/www/html/Laravel-engineer-Interview/vendor/laravel/framework/src/Illuminate/Database/Connection.php:664
/var/www/html/Laravel-engineer-Interview/vendor/laravel/framework/src/Illuminate/Database/Connection.php:624
/var/www/html/Laravel-engineer-Interview/vendor/laravel/framework/src/Illuminate/Database/Connection.php:459
/var/www/html/Laravel-engineer-Interview/vendor/laravel/framework/src/Illuminate/Database/Schema/Blueprint.php:97
/var/www/html/Laravel-engineer-Interview/vendor/laravel/framework/src/Illuminate/Database/Schema/Builder.php:278
/var/www/html/Laravel-engineer-Interview/vendor/laravel/framework/src/Illuminate/Database/Schema/Builder.php:167
/var/www/html/Laravel-engineer-Interview/vendor/laravel/framework/src/Illuminate/Support/Facades/Facade.php:239
/var/www/html/Laravel-engineer-Interview/database/migrations/2019_05_07_000000_create_books_table.php:35
/var/www/html/Laravel-engineer-Interview/vendor/laravel/framework/src/Illuminate/Database/Migrations/Migrator.php:387
/var/www/html/Laravel-engineer-Interview/vendor/laravel/framework/src/Illuminate/Database/Migrations/Migrator.php:396
/var/www/html/Laravel-engineer-Interview/vendor/laravel/framework/src/Illuminate/Database/Migrations/Migrator.php:197
/var/www/html/Laravel-engineer-Interview/vendor/laravel/framework/src/Illuminate/Database/Migrations/Migrator.php:162
/var/www/html/Laravel-engineer-Interview/vendor/laravel/framework/src/Illuminate/Database/Migrations/Migrator.php:109
/var/www/html/Laravel-engineer-Interview/vendor/laravel/framework/src/Illuminate/Database/Console/Migrations/MigrateCommand.php:71
/var/www/html/Laravel-engineer-Interview/vendor/laravel/framework/src/Illuminate/Container/BoundMethod.php:32
/var/www/html/Laravel-engineer-Interview/vendor/laravel/framework/src/Illuminate/Container/BoundMethod.php:90
/var/www/html/Laravel-engineer-Interview/vendor/laravel/framework/src/Illuminate/Container/BoundMethod.php:34
/var/www/html/Laravel-engineer-Interview/vendor/laravel/framework/src/Illuminate/Container/Container.php:576
/var/www/html/Laravel-engineer-Interview/vendor/laravel/framework/src/Illuminate/Console/Command.php:183
/var/www/html/Laravel-engineer-Interview/vendor/symfony/console/Command/Command.php:255
/var/www/html/Laravel-engineer-Interview/vendor/laravel/framework/src/Illuminate/Console/Command.php:170
/var/www/html/Laravel-engineer-Interview/vendor/laravel/framework/src/Illuminate/Console/Command.php:198
/var/www/html/Laravel-engineer-Interview/vendor/laravel/framework/src/Illuminate/Database/Console/Migrations/FreshCommand.php:61
/var/www/html/Laravel-engineer-Interview/vendor/laravel/framework/src/Illuminate/Container/BoundMethod.php:32
/var/www/html/Laravel-engineer-Interview/vendor/laravel/framework/src/Illuminate/Container/BoundMethod.php:90
/var/www/html/Laravel-engineer-Interview/vendor/laravel/framework/src/Illuminate/Container/BoundMethod.php:34
[...]
/var/www/html/Laravel-engineer-Interview/vendor/laravel/framework/src/Illuminate/Database/Migrations/Migrator.php:109
/var/www/html/Laravel-engineer-Interview/vendor/laravel/framework/src/Illuminate/Database/Console/Migrations/MigrateCommand.php:71
/var/www/html/Laravel-engineer-Interview/vendor/laravel/framework/src/Illuminate/Container/BoundMethod.php:32
/var/www/html/Laravel-engineer-Interview/vendor/laravel/framework/src/Illuminate/Container/BoundMethod.php:90
/var/www/html/Laravel-engineer-Interview/vendor/laravel/framework/src/Illuminate/Container/BoundMethod.php:34
/var/www/html/Laravel-engineer-Interview/vendor/laravel/framework/src/Illuminate/Container/Container.php:576
/var/www/html/Laravel-engineer-Interview/vendor/laravel/framework/src/Illuminate/Console/Command.php:183
/var/www/html/Laravel-engineer-Interview/vendor/symfony/console/Command/Command.php:255
/var/www/html/Laravel-engineer-Interview/vendor/laravel/framework/src/Illuminate/Console/Command.php:170
/var/www/html/Laravel-engineer-Interview/vendor/laravel/framework/src/Illuminate/Console/Command.php:198
/var/www/html/Laravel-engineer-Interview/vendor/laravel/framework/src/Illuminate/Database/Console/Migrations/FreshCommand.php:61
/var/www/html/Laravel-engineer-Interview/vendor/laravel/framework/src/Illuminate/Container/BoundMethod.php:32
/var/www/html/Laravel-engineer-Interview/vendor/laravel/framework/src/Illuminate/Container/BoundMethod.php:90
/var/www/html/Laravel-engineer-Interview/vendor/laravel/framework/src/Illuminate/Container/BoundMethod.php:34
/var/www/html/Laravel-engineer-Interview/vendor/laravel/framework/src/Illuminate/Container/Container.php:576
/var/www/html/Laravel-engineer-Interview/vendor/laravel/framework/src/Illuminate/Console/Command.php:183
/var/www/html/Laravel-engineer-Interview/vendor/symfony/console/Command/Command.php:255
/var/www/html/Laravel-engineer-Interview/vendor/laravel/framework/src/Illuminate/Console/Command.php:170
/var/www/html/Laravel-engineer-Interview/vendor/symfony/console/Application.php:934
/var/www/html/Laravel-engineer-Interview/vendor/symfony/console/Application.php:273
/var/www/html/Laravel-engineer-Interview/vendor/symfony/console/Application.php:149
/var/www/html/Laravel-engineer-Interview/vendor/laravel/framework/src/Illuminate/Console/Application.php:90
/var/www/html/Laravel-engineer-Interview/vendor/laravel/framework/src/Illuminate/Console/Application.php:182
/var/www/html/Laravel-engineer-Interview/vendor/laravel/framework/src/Illuminate/Foundation/Console/Kernel.php:275
/var/www/html/Laravel-engineer-Interview/vendor/laravel/framework/src/Illuminate/Foundation/Testing/PendingCommand.php:136
/var/www/html/Laravel-engineer-Interview/vendor/laravel/framework/src/Illuminate/Foundation/Testing/PendingCommand.php:220
/var/www/html/Laravel-engineer-Interview/vendor/laravel/framework/src/Illuminate/Foundation/Testing/Concerns/InteractsWithConsole.php:56
/var/www/html/Laravel-engineer-Interview/vendor/laravel/framework/src/Illuminate/Foundation/Testing/RefreshDatabase.php:55
/var/www/html/Laravel-engineer-Interview/vendor/laravel/framework/src/Illuminate/Foundation/Testing/RefreshDatabase.php:18
/var/www/html/Laravel-engineer-Interview/vendor/laravel/framework/src/Illuminate/Foundation/Testing/TestCase.php:114
/var/www/html/Laravel-engineer-Interview/vendor/laravel/framework/src/Illuminate/Foundation/Testing/TestCase.php:81
</error>
        </testcase>
        <testcase name="testValidation with data set #7" class="Tests\Feature\BookReviewTest" classname="Tests.Feature.BookReviewTest" file="/var/www/html/Laravel-engineer-Interview/tests/Feature/BookReviewTest.php" line="77" assertions="0" time="0.467719">
          <error type="Illuminate\Database\QueryException">Tests\Feature\BookReviewTest::testValidation with data set #7 (array(''), 'comment')
Illuminate\Database\QueryException: SQLSTATE[HY000]: General error: 1215 Cannot add foreign key constraint (SQL: alter table `book_author` add constraint `book_author_book_id_foreign` foreign key (`book_id`) references `books` (`id`) on delete cascade)

/var/www/html/Laravel-engineer-Interview/vendor/laravel/framework/src/Illuminate/Database/Connection.php:664
/var/www/html/Laravel-engineer-Interview/vendor/laravel/framework/src/Illuminate/Database/Connection.php:624
/var/www/html/Laravel-engineer-Interview/vendor/laravel/framework/src/Illuminate/Database/Connection.php:459
/var/www/html/Laravel-engineer-Interview/vendor/laravel/framework/src/Illuminate/Database/Schema/Blueprint.php:97
/var/www/html/Laravel-engineer-Interview/vendor/laravel/framework/src/Illuminate/Database/Schema/Builder.php:278
/var/www/html/Laravel-engineer-Interview/vendor/laravel/framework/src/Illuminate/Database/Schema/Builder.php:167
/var/www/html/Laravel-engineer-Interview/vendor/laravel/framework/src/Illuminate/Support/Facades/Facade.php:239
/var/www/html/Laravel-engineer-Interview/database/migrations/2019_05_07_000000_create_books_table.php:35
/var/www/html/Laravel-engineer-Interview/vendor/laravel/framework/src/Illuminate/Database/Migrations/Migrator.php:387
/var/www/html/Laravel-engineer-Interview/vendor/laravel/framework/src/Illuminate/Database/Migrations/Migrator.php:396
/var/www/html/Laravel-engineer-Interview/vendor/laravel/framework/src/Illuminate/Database/Migrations/Migrator.php:197
/var/www/html/Laravel-engineer-Interview/vendor/laravel/framework/src/Illuminate/Database/Migrations/Migrator.php:162
/var/www/html/Laravel-engineer-Interview/vendor/laravel/framework/src/Illuminate/Database/Migrations/Migrator.php:109
/var/www/html/Laravel-engineer-Interview/vendor/laravel/framework/src/Illuminate/Database/Console/Migrations/MigrateCommand.php:71
/var/www/html/Laravel-engineer-Interview/vendor/laravel/framework/src/Illuminate/Container/BoundMethod.php:32
/var/www/html/Laravel-engineer-Interview/vendor/laravel/framework/src/Illuminate/Container/BoundMethod.php:90
/var/www/html/Laravel-engineer-Interview/vendor/laravel/framework/src/Illuminate/Container/BoundMethod.php:34
/var/www/html/Laravel-engineer-Interview/vendor/laravel/framework/src/Illuminate/Container/Container.php:576
/var/www/html/Laravel-engineer-Interview/vendor/laravel/framework/src/Illuminate/Console/Command.php:183
/var/www/html/Laravel-engineer-Interview/vendor/symfony/console/Command/Command.php:255
/var/www/html/Laravel-engineer-Interview/vendor/laravel/framework/src/Illuminate/Console/Command.php:170
/var/www/html/Laravel-engineer-Interview/vendor/laravel/framework/src/Illuminate/Console/Command.php:198
/var/www/html/Laravel-engineer-Interview/vendor/laravel/framework/src/Illuminate/Database/Console/Migrations/FreshCommand.php:61
/var/www/html/Laravel-engineer-Interview/vendor/laravel/framework/src/Illuminate/Container/BoundMethod.php:32
/var/www/html/Laravel-engineer-Interview/vendor/laravel/framework/src/Illuminate/Container/BoundMethod.php:90
/var/www/html/Laravel-engineer-Interview/vendor/laravel/framework/src/Illuminate/Container/BoundMethod.php:34
/var/www/html/Laravel-engineer-Interview/vendor/laravel/framework/src/Illuminate/Container/Container.php:576
/var/www/html/Laravel-engineer-Interview/vendor/laravel/framework/src/Illuminate/Console/Command.php:183
/var/www/html/Laravel-engineer-Interview/vendor/symfony/console/Command/Command.php:255
/var/www/html/Laravel-engineer-Interview/vendor/laravel/framework/src/Illuminate/Console/Command.php:170
/var/www/html/Laravel-engineer-Interview/vendor/symfony/console/Application.php:934
/var/www/html/Laravel-engineer-Interview/vendor/symfony/console/Application.php:273
/var/www/html/Laravel-engineer-Interview/vendor/symfony/console/Application.php:149
/var/www/html/Laravel-engineer-Interview/vendor/laravel/framework/src/Illuminate/Console/Application.php:90
/var/www/html/Laravel-engineer-Interview/vendor/laravel/framework/src/Illuminate/Console/Application.php:182
/var/www/html/Laravel-engineer-Interview/vendor/laravel/framework/src/Illuminate/Foundation/Console/Kernel.php:275
/var/www/html/Laravel-engineer-Interview/vendor/laravel/framework/src/Illuminate/Foundation/Testing/PendingCommand.php:136
/var/www/html/Laravel-engineer-Interview/vendor/laravel/framework/src/Illuminate/Foundation/Testing/PendingCommand.php:220
/var/www/html/Laravel-engineer-Interview/vendor/laravel/framework/src/Illuminate/Foundation/Testing/Concerns/InteractsWithConsole.php:56
/var/www/html/Laravel-engineer-Interview/vendor/laravel/framework/src/Illuminate/Foundation/Testing/RefreshDatabase.php:55
/var/www/html/Laravel-engineer-Interview/vendor/laravel/framework/src/Illuminate/Foundation/Testing/RefreshDatabase.php:18
/var/www/html/Laravel-engineer-Interview/vendor/laravel/framework/src/Illuminate/Foundation/Testing/TestCase.php:114
/var/www/html/Laravel-engineer-Interview/vendor/laravel/framework/src/Illuminate/Foundation/Testing/TestCase.php:81
</error>
        </testcase>
        <testcase name="testValidation with data set #8" class="Tests\Feature\BookReviewTest" classname="Tests.Feature.BookReviewTest" file="/var/www/html/Laravel-engineer-Interview/tests/Feature/BookReviewTest.php" line="77" assertions="0" time="0.617618">
          <error type="Illuminate\Database\QueryException">Tests\Feature\BookReviewTest::testValidation with data set #8 (array(array()), 'comment')
Illuminate\Database\QueryException: SQLSTATE[HY000]: General error: 1215 Cannot add foreign key constraint (SQL: alter table `book_author` add constraint `book_author_book_id_foreign` foreign key (`book_id`) references `books` (`id`) on delete cascade)

/var/www/html/Laravel-engineer-Interview/vendor/laravel/framework/src/Illuminate/Database/Connection.php:664
/var/www/html/Laravel-engineer-Interview/vendor/laravel/framework/src/Illuminate/Database/Connection.php:624
/var/www/html/Laravel-engineer-Interview/vendor/laravel/framework/src/Illuminate/Database/Connection.php:459
/var/www/html/Laravel-engineer-Interview/vendor/laravel/framework/src/Illuminate/Database/Schema/Blueprint.php:97
/var/www/html/Laravel-engineer-Interview/vendor/laravel/framework/src/Illuminate/Database/Schema/Builder.php:278
/var/www/html/Laravel-engineer-Interview/vendor/laravel/framework/src/Illuminate/Database/Schema/Builder.php:167
/var/www/html/Laravel-engineer-Interview/vendor/laravel/framework/src/Illuminate/Support/Facades/Facade.php:239
/var/www/html/Laravel-engineer-Interview/database/migrations/2019_05_07_000000_create_books_table.php:35
/var/www/html/Laravel-engineer-Interview/vendor/laravel/framework/src/Illuminate/Database/Migrations/Migrator.php:387
/var/www/html/Laravel-engineer-Interview/vendor/laravel/framework/src/Illuminate/Database/Migrations/Migrator.php:396
/var/www/html/Laravel-engineer-Interview/vendor/laravel/framework/src/Illuminate/Database/Migrations/Migrator.php:197
/var/www/html/Laravel-engineer-Interview/vendor/laravel/framework/src/Illuminate/Database/Migrations/Migrator.php:162
/var/www/html/Laravel-engineer-Interview/vendor/laravel/framework/src/Illuminate/Database/Migrations/Migrator.php:109
/var/www/html/Laravel-engineer-Interview/vendor/laravel/framework/src/Illuminate/Database/Console/Migrations/MigrateCommand.php:71
/var/www/html/Laravel-engineer-Interview/vendor/laravel/framework/src/Illuminate/Container/BoundMethod.php:32
/var/www/html/Laravel-engineer-Interview/vendor/laravel/framework/src/Illuminate/Container/BoundMethod.php:90
/var/www/html/Laravel-engineer-Interview/vendor/laravel/framework/src/Illuminate/Container/BoundMethod.php:34
/var/www/html/Laravel-engineer-Interview/vendor/laravel/framework/src/Illuminate/Container/Container.php:576
/var/www/html/Laravel-engineer-Interview/vendor/laravel/framework/src/Illuminate/Console/Command.php:183
/var/www/html/Laravel-engineer-Interview/vendor/symfony/console/Command/Command.php:255
/var/www/html/Laravel-engineer-Interview/vendor/laravel/framework/src/Illuminate/Console/Command.php:170
/var/www/html/Laravel-engineer-Interview/vendor/laravel/framework/src/Illuminate/Console/Command.php:198
/var/www/html/Laravel-engineer-Interview/vendor/laravel/framework/src/Illuminate/Database/Console/Migrations/FreshCommand.php:61
/var/www/html/Laravel-engineer-Interview/vendor/laravel/framework/src/Illuminate/Container/BoundMethod.php:32
/var/www/html/Laravel-engineer-Interview/vendor/laravel/framework/src/Illuminate/Container/BoundMethod.php:90
/var/www/html/Laravel-engineer-Interview/vendor/laravel/framework/src/Illuminate/Container/BoundMethod.php:34
/var/www/html/Laravel-engineer-Interview/vendor/laravel/framework/src/Illuminate/Container/Container.php:576
/var/www/html/Laravel-engineer-Interview/vendor/laravel/framework/src/Illuminate/Console/Command.php:183
/var/www/html/Laravel-engineer-Interview/vendor/symfony/console/Command/Command.php:255
/var/www/html/Laravel-engineer-Interview/vendor/laravel/framework/src/Illuminate/Console/Command.php:170
/var/www/html/Laravel-engineer-Interview/vendor/symfony/console/Application.php:934
/var/www/html/Laravel-engineer-Interview/vendor/symfony/console/Application.php:273
/var/www/html/Laravel-engineer-Interview/vendor/symfony/console/Application.php:149
/var/www/html/Laravel-engineer-Interview/vendor/laravel/framework/src/Illuminate/Console/Application.php:90
/var/www/html/Laravel-engineer-Interview/vendor/laravel/framework/src/Illuminate/Console/Application.php:182
/var/www/html/Laravel-engineer-Interview/vendor/laravel/framework/src/Illuminate/Foundation/Console/Kernel.php:275
/var/www/html/Laravel-engineer-Interview/vendor/laravel/framework/src/Illuminate/Foundation/Testing/PendingCommand.php:136
/var/www/html/Laravel-engineer-Interview/vendor/laravel/framework/src/Illuminate/Foundation/Testing/PendingCommand.php:220
/var/www/html/Laravel-engineer-Interview/vendor/laravel/framework/src/Illuminate/Foundation/Testing/Concerns/InteractsWithConsole.php:56
/var/www/html/Laravel-engineer-Interview/vendor/laravel/framework/src/Illuminate/Foundation/Testing/RefreshDatabase.php:55
/var/www/html/Laravel-engineer-Interview/vendor/laravel/framework/src/Illuminate/Foundation/Testing/RefreshDatabase.php:18
/var/www/html/Laravel-engineer-Interview/vendor/laravel/framework/src/Illuminate/Foundation/Testing/TestCase.php:114
/var/www/html/Laravel-engineer-Interview/vendor/laravel/framework/src/Illuminate/Foundation/Testing/TestCase.php:81
</error>
        </testcase>
      </testsuite>
    </testsuite>
    <testsuite name="Tests\Feature\BookTest" file="/var/www/html/Laravel-engineer-Interview/tests/Feature/BookTest.php" tests="1" assertions="0" errors="1" failures="0" skipped="0" time="0.410217">
      <testcase name="testExample" class="Tests\Feature\BookTest" classname="Tests.Feature.BookTest" file="/var/www/html/Laravel-engineer-Interview/tests/Feature/BookTest.php" line="16" assertions="0" time="0.410217">
        <error type="Illuminate\Database\QueryException">Tests\Feature\BookTest::testExample
Illuminate\Database\QueryException: SQLSTATE[HY000]: General error: 1215 Cannot add foreign key constraint (SQL: alter table `book_author` add constraint `book_author_book_id_foreign` foreign key (`book_id`) references `books` (`id`) on delete cascade)

/var/www/html/Laravel-engineer-Interview/vendor/laravel/framework/src/Illuminate/Database/Connection.php:664
/var/www/html/Laravel-engineer-Interview/vendor/laravel/framework/src/Illuminate/Database/Connection.php:624
/var/www/html/Laravel-engineer-Interview/vendor/laravel/framework/src/Illuminate/Database/Connection.php:459
/var/www/html/Laravel-engineer-Interview/vendor/laravel/framework/src/Illuminate/Database/Schema/Blueprint.php:97
/var/www/html/Laravel-engineer-Interview/vendor/laravel/framework/src/Illuminate/Database/Schema/Builder.php:278
/var/www/html/Laravel-engineer-Interview/vendor/laravel/framework/src/Illuminate/Database/Schema/Builder.php:167
/var/www/html/Laravel-engineer-Interview/vendor/laravel/framework/src/Illuminate/Support/Facades/Facade.php:239
/var/www/html/Laravel-engineer-Interview/database/migrations/2019_05_07_000000_create_books_table.php:35
/var/www/html/Laravel-engineer-Interview/vendor/laravel/framework/src/Illuminate/Database/Migrations/Migrator.php:387
/var/www/html/Laravel-engineer-Interview/vendor/laravel/framework/src/Illuminate/Database/Migrations/Migrator.php:396
/var/www/html/Laravel-engineer-Interview/vendor/laravel/framework/src/Illuminate/Database/Migrations/Migrator.php:197
/var/www/html/Laravel-engineer-Interview/vendor/laravel/framework/src/Illuminate/Database/Migrations/Migrator.php:162
/var/www/html/Laravel-engineer-Interview/vendor/laravel/framework/src/Illuminate/Database/Migrations/Migrator.php:109
/var/www/html/Laravel-engineer-Interview/vendor/laravel/framework/src/Illuminate/Database/Console/Migrations/MigrateCommand.php:71
/var/www/html/Laravel-engineer-Interview/vendor/laravel/framework/src/Illuminate/Container/BoundMethod.php:32
/var/www/html/Laravel-engineer-Interview/vendor/laravel/framework/src/Illuminate/Container/BoundMethod.php:90
/var/www/html/Laravel-engineer-Interview/vendor/laravel/framework/src/Illuminate/Container/BoundMethod.php:34
/var/www/html/Laravel-engineer-Interview/vendor/laravel/framework/src/Illuminate/Container/Container.php:576
/var/www/html/Laravel-engineer-Interview/vendor/laravel/framework/src/Illuminate/Console/Command.php:183
/var/www/html/Laravel-engineer-Interview/vendor/symfony/console/Command/Command.php:255
/var/www/html/Laravel-engineer-Interview/vendor/laravel/framework/src/Illuminate/Console/Command.php:170
/var/www/html/Laravel-engineer-Interview/vendor/laravel/framework/src/Illuminate/Console/Command.php:198
/var/www/html/Laravel-engineer-Interview/vendor/laravel/framework/src/Illuminate/Database/Console/Migrations/FreshCommand.php:61
/var/www/html/Laravel-engineer-Interview/vendor/laravel/framework/src/Illuminate/Container/BoundMethod.php:32
/var/www/html/Laravel-engineer-Interview/vendor/laravel/framework/src/Illuminate/Container/BoundMethod.php:90
/var/www/html/Laravel-engineer-Interview/vendor/laravel/framework/src/Illuminate/Container/BoundMethod.php:34
/var/www/html/Laravel-engineer-Interview/vendor/laravel/framework/src/Illuminate/Container/Container.php:576
/var/www/html/Laravel-engineer-Interview/vendor/laravel/framework/src/Illuminate/Console/Command.php:183
/var/www/html/Laravel-engineer-Interview/vendor/symfony/console/Command/Command.php:255
/var/www/html/Laravel-engineer-Interview/vendor/laravel/framework/src/Illuminate/Console/Command.php:170
/var/www/html/Laravel-engineer-Interview/vendor/symfony/console/Application.php:934
/var/www/html/Laravel-engineer-Interview/vendor/symfony/console/Application.php:273
/var/www/html/Laravel-engineer-Interview/vendor/symfony/console/Application.php:149
/var/www/html/Laravel-engineer-Interview/vendor/laravel/framework/src/Illuminate/Console/Application.php:90
/var/www/html/Laravel-engineer-Interview/vendor/laravel/framework/src/Illuminate/Console/Application.php:182
/var/www/html/Laravel-engineer-Interview/vendor/laravel/framework/src/Illuminate/Foundation/Console/Kernel.php:275
/var/www/html/Laravel-engineer-Interview/vendor/laravel/framework/src/Illuminate/Foundation/Testing/PendingCommand.php:136
/var/www/html/Laravel-engineer-Interview/vendor/laravel/framework/src/Illuminate/Foundation/Testing/PendingCommand.php:220
/var/www/html/Laravel-engineer-Interview/vendor/laravel/framework/src/Illuminate/Foundation/Testing/Concerns/InteractsWithConsole.php:56
/var/www/html/Laravel-engineer-Interview/vendor/laravel/framework/src/Illuminate/Foundation/Testing/RefreshDatabase.php:55
/var/www/html/Laravel-engineer-Interview/vendor/laravel/framework/src/Illuminate/Foundation/Testing/RefreshDatabase.php:18
/var/www/html/Laravel-engineer-Interview/vendor/laravel/framework/src/Illuminate/Foundation/Testing/TestCase.php:114
/var/www/html/Laravel-engineer-Interview/vendor/laravel/framework/src/Illuminate/Foundation/Testing/TestCase.php:81
</error>
      </testcase>
    </testsuite>
  </testsuite>
</testsuites>
